
Running `tools/apk/apk-x86_64.static --root tools/tinyx/sysroot-x86_64 --arch x86_64 --initdb --usermode add --no-cache libxfont-dev libfontenc-dev xorgproto xtrans util-macros` at 2026-06-20 05:05:46
apk-tools 3.0.5, compiled for x86_64.
WARNING: The indexes contain broken packages which are not installable.
( 1/20) Installing musl (1.2.3-r6)
( 2/20) Installing zlib (1.2.13-r0)
( 3/20) Installing libfontenc (1.1.6-r0)
( 4/20) Installing pkgconf (1.9.4-r0)
( 5/20) Installing libfontenc-dev (1.1.6-r0)
( 6/20) Installing brotli-libs (1.0.9-r9)
( 7/20) Installing libbz2 (1.0.8-r4)
( 8/20) Installing libpng (1.6.44-r0)
( 9/20) Installing freetype (2.12.1-r0)
(10/20) Installing libxfont (1.5.4-r2)
(11/20) Installing xorgproto (2022.2-r0)
(12/20) Installing bzip2-dev (1.0.8-r4)
(13/20) Installing brotli (1.0.9-r9)
(14/20) Installing brotli-dev (1.0.9-r9)
(15/20) Installing zlib-dev (1.2.13-r0)
(16/20) Installing libpng-dev (1.6.44-r0)
(17/20) Installing freetype-dev (2.12.1-r0)
(18/20) Installing libxfont-dev (1.5.4-r2)
(19/20) Installing util-macros (1.19.3-r0)
(20/20) Installing xtrans (1.4.0-r2)
OK: 7552 KiB in 20 packages

Running `tools/apk/apk-x86_64.static --root tools/tinyx/sysroot-x86_64 --arch x86_64 --usermode add --no-cache libxext-dev` at 2026-06-20 05:08:13
apk-tools 3.0.5, compiled for x86_64.
WARNING: The indexes contain broken packages which are not installable.
( 1/13) Installing libxau (1.0.10-r0)
( 2/13) Installing libxau-dev (1.0.10-r0)
( 3/13) Installing libmd (1.0.4-r0)
( 4/13) Installing libbsd (0.11.7-r0)
( 5/13) Installing libxdmcp (1.1.4-r0)
( 6/13) Installing libxcb (1.15-r0)
( 7/13) Installing libx11 (1.8.7-r0)
( 8/13) Installing libxext (1.3.5-r0)
( 9/13) Installing xcb-proto (1.15.2-r0)
(10/13) Installing libxdmcp-dev (1.1.4-r0)
(11/13) Installing libxcb-dev (1.15-r0)
(12/13) Installing libx11-dev (1.8.7-r0)
(13/13) Installing libxext-dev (1.3.5-r0)
OK: 15.5 MiB in 33 packages

Running `tools/apk/apk-x86_64.static --root tools/tinyx/sysroot-x86_64 --arch x86_64 --usermode add --no-cache libxtst-dev` at 2026-06-20 05:10:50
apk-tools 3.0.5, compiled for x86_64.
WARNING: The indexes contain broken packages which are not installable.
(1/6) Installing libxtst (1.2.4-r0)
(2/6) Installing libxi (1.8-r0)
(3/6) Installing libxfixes (6.0.0-r0)
(4/6) Installing libxfixes-dev (6.0.0-r0)
(5/6) Installing libxi-dev (1.8-r0)
(6/6) Installing libxtst-dev (1.2.4-r0)
OK: 15.9 MiB in 39 packages
