
Running `tools/apk/apk-x86_64.static --root tools/tinyx/font-staging-x86_64 --arch x86_64 --initdb --usermode add --no-cache font-misc-misc font-cursor-misc mkfontdir` at 2026-06-21 03:29:46
apk-tools 3.0.5, compiled for x86_64.
WARNING: The indexes contain broken packages which might not function properly.
( 1/18) Installing encodings (1.0.6-r0)
( 2/18) Installing font-alias (1.0.4-r0)
( 3/18) Installing musl (1.2.3-r6)
( 4/18) Installing busybox (1.35.0-r31)
  Executing busybox-1.35.0-r31.post-install
( 5/18) Installing busybox-binsh (1.35.0-r31)
( 6/18) Installing zlib (1.2.13-r0)
( 7/18) Installing libfontenc (1.1.6-r0)
( 8/18) Installing brotli-libs (1.0.9-r9)
( 9/18) Installing libbz2 (1.0.8-r4)
(10/18) Installing libpng (1.6.44-r0)
(11/18) Installing freetype (2.12.1-r0)
(12/18) Installing mkfontscale (1.2.2-r1)
(13/18) Installing libexpat (2.6.4-r0)
(14/18) Installing fontconfig (2.14.1-r0)
(15/18) Installing pkgconf (1.9.4-r0)
(16/18) Installing util-macros (1.19.3-r0)
(17/18) Installing font-cursor-misc (1.0.3-r3)
(18/18) Installing font-misc-misc (1.1.2-r3)
Executing busybox-1.35.0-r31.trigger
Executing mkfontscale-1.2.2-r1.trigger
Executing fontconfig-2.14.1-r0.trigger
OK: 10.6 MiB in 18 packages
