--------------------
./configure --prefix=/home/moebius/eclipse/eclipse-os-build/usr
jue 23 abr 2026 21:58:18 CEST
Using /home/moebius/eclipse/eclipse-os-build/bin/x86_64-linux-musl-gcc-ar
=== ztest644919.c ===
extern int getchar();
int hello() {return getchar();}
===
/home/moebius/eclipse/eclipse-os-build/bin/x86_64-linux-musl-gcc -c ztest644919.c
... using gcc

Checking for obsessive-compulsive compiler options...
=== ztest644919.c ===
int foo() { return 0; }
===
/home/moebius/eclipse/eclipse-os-build/bin/x86_64-linux-musl-gcc -c -idirafter /home/moebius/eclipse/eclipse-os-build/usr/include -idirafter /home/moebius/eclipse/eclipse-os-build/include -fPIC -fPIC ztest644919.c

Checking for shared library support...
=== ztest644919.c ===
extern int getchar();
int hello() {return getchar();}
===
/home/moebius/eclipse/eclipse-os-build/bin/x86_64-linux-musl-gcc -c -idirafter /home/moebius/eclipse/eclipse-os-build/usr/include -idirafter /home/moebius/eclipse/eclipse-os-build/include -fPIC -fPIC -fPIC ztest644919.c
/home/moebius/eclipse/eclipse-os-build/bin/x86_64-linux-musl-gcc -shared -Wl,-soname,libz.so.1, -idirafter /home/moebius/eclipse/eclipse-os-build/usr/include -idirafter /home/moebius/eclipse/eclipse-os-build/include -fPIC -fPIC -fPIC -o ztest644919.so ztest644919.o
/home/moebius/eclipse/eclipse-os-build/bin/../lib/gcc/x86_64-linux-musl/11.2.1/../../../../x86_64-linux-musl/bin/ld: cannot find : No such file or directory
collect2: error: ld returned 1 exit status
(exit code 1)
No shared library support; try without defining CC and CFLAGS
Building static library libz.a version 1.3.1 with /home/moebius/eclipse/eclipse-os-build/bin/x86_64-linux-musl-gcc.

=== ztest644919.c ===
#include <stdio.h>
#include <stdlib.h>
size_t dummy = 0;
===
/home/moebius/eclipse/eclipse-os-build/bin/x86_64-linux-musl-gcc -c -idirafter /home/moebius/eclipse/eclipse-os-build/usr/include -idirafter /home/moebius/eclipse/eclipse-os-build/include -fPIC -fPIC ztest644919.c
Checking for size_t... Yes.

=== ztest644919.c ===
#include <sys/types.h>
off64_t dummy = 0;
===
/home/moebius/eclipse/eclipse-os-build/bin/x86_64-linux-musl-gcc -c -idirafter /home/moebius/eclipse/eclipse-os-build/usr/include -idirafter /home/moebius/eclipse/eclipse-os-build/include -fPIC -fPIC -D_LARGEFILE64_SOURCE=1 ztest644919.c
Checking for off64_t... Yes.
Checking for fseeko... Yes.

=== ztest644919.c ===
#include <string.h>
#include <errno.h>
int main() { return strlen(strerror(errno)); }
===
/home/moebius/eclipse/eclipse-os-build/bin/x86_64-linux-musl-gcc -idirafter /home/moebius/eclipse/eclipse-os-build/usr/include -idirafter /home/moebius/eclipse/eclipse-os-build/include -fPIC -fPIC -D_LARGEFILE64_SOURCE=1 -o ztest644919 ztest644919.c
Checking for strerror... Yes.

=== ztest644919.c ===
#include <unistd.h>
int main() { return 0; }
===
/home/moebius/eclipse/eclipse-os-build/bin/x86_64-linux-musl-gcc -c -idirafter /home/moebius/eclipse/eclipse-os-build/usr/include -idirafter /home/moebius/eclipse/eclipse-os-build/include -fPIC -fPIC -D_LARGEFILE64_SOURCE=1 ztest644919.c
Checking for unistd.h... Yes.

=== ztest644919.c ===
#include <stdarg.h>
int main() { return 0; }
===
/home/moebius/eclipse/eclipse-os-build/bin/x86_64-linux-musl-gcc -c -idirafter /home/moebius/eclipse/eclipse-os-build/usr/include -idirafter /home/moebius/eclipse/eclipse-os-build/include -fPIC -fPIC -D_LARGEFILE64_SOURCE=1 ztest644919.c
Checking for stdarg.h... Yes.

=== ztest644919.c ===
#include <stdio.h>
#include <stdarg.h>
#include "zconf.h"
int main()
{
#ifndef STDC
  choke me
#endif
  return 0;
}
===
/home/moebius/eclipse/eclipse-os-build/bin/x86_64-linux-musl-gcc -c -idirafter /home/moebius/eclipse/eclipse-os-build/usr/include -idirafter /home/moebius/eclipse/eclipse-os-build/include -fPIC -fPIC -D_LARGEFILE64_SOURCE=1 ztest644919.c
Checking whether to use vs[n]printf() or s[n]printf()... using vs[n]printf().

=== ztest644919.c ===
#include <stdio.h>
#include <stdarg.h>
int mytest(const char *fmt, ...)
{
  char buf[20];
  va_list ap;
  va_start(ap, fmt);
  vsnprintf(buf, sizeof(buf), fmt, ap);
  va_end(ap);
  return 0;
}
int main()
{
  return (mytest("Hello%d\n", 1));
}
===
/home/moebius/eclipse/eclipse-os-build/bin/x86_64-linux-musl-gcc -idirafter /home/moebius/eclipse/eclipse-os-build/usr/include -idirafter /home/moebius/eclipse/eclipse-os-build/include -fPIC -fPIC -D_LARGEFILE64_SOURCE=1 -o ztest644919 ztest644919.c
Checking for vsnprintf() in stdio.h... Yes.

=== ztest644919.c ===
#include <stdio.h>
#include <stdarg.h>
int mytest(const char *fmt, ...)
{
  int n;
  char buf[20];
  va_list ap;
  va_start(ap, fmt);
  n = vsnprintf(buf, sizeof(buf), fmt, ap);
  va_end(ap);
  return n;
}
int main()
{
  return (mytest("Hello%d\n", 1));
}
===
/home/moebius/eclipse/eclipse-os-build/bin/x86_64-linux-musl-gcc -c -idirafter /home/moebius/eclipse/eclipse-os-build/usr/include -idirafter /home/moebius/eclipse/eclipse-os-build/include -fPIC -fPIC -D_LARGEFILE64_SOURCE=1 ztest644919.c
Checking for return value of vsnprintf()... Yes.

=== ztest644919.c ===
#define ZLIB_INTERNAL __attribute__((visibility ("hidden")))
int ZLIB_INTERNAL foo;
int main()
{
  return 0;
}
===
/home/moebius/eclipse/eclipse-os-build/bin/x86_64-linux-musl-gcc -c -idirafter /home/moebius/eclipse/eclipse-os-build/usr/include -idirafter /home/moebius/eclipse/eclipse-os-build/include -fPIC -fPIC -D_LARGEFILE64_SOURCE=1 ztest644919.c
Checking for attribute(visibility) support... Yes.

ALL = static all64
AR = /home/moebius/eclipse/eclipse-os-build/bin/x86_64-linux-musl-gcc-ar
ARFLAGS = rc
CC = /home/moebius/eclipse/eclipse-os-build/bin/x86_64-linux-musl-gcc
CFLAGS = -idirafter /home/moebius/eclipse/eclipse-os-build/usr/include -idirafter /home/moebius/eclipse/eclipse-os-build/include -fPIC -fPIC -D_LARGEFILE64_SOURCE=1 -DHAVE_HIDDEN
CPP =
EXE =
LDCONFIG = ldconfig
LDFLAGS = -L/home/moebius/eclipse/eclipse-os-build/usr/lib -L/home/moebius/eclipse/eclipse-os-build/lib -Wl,-rpath-link,/home/moebius/eclipse/eclipse-os-build/usr/lib -Wl,-rpath-link,/home/moebius/eclipse/eclipse-os-build/lib
LDSHARED = /home/moebius/eclipse/eclipse-os-build/bin/x86_64-linux-musl-gcc
LDSHAREDLIBC = -lc
OBJC = $(OBJZ) $(OBJG)
PIC_OBJC = $(PIC_OBJZ) $(PIC_OBJG)
RANLIB = /home/moebius/eclipse/eclipse-os-build/bin/x86_64-linux-musl-gcc-ranlib
SFLAGS = -idirafter /home/moebius/eclipse/eclipse-os-build/usr/include -idirafter /home/moebius/eclipse/eclipse-os-build/include -fPIC -fPIC -fPIC -D_LARGEFILE64_SOURCE=1 -DHAVE_HIDDEN
SHAREDLIB =
SHAREDLIBM =
SHAREDLIBV =
STATICLIB = libz.a
TEST = all teststatic test64
VER = 1.3.1
SRCDIR =
exec_prefix = ${prefix}
includedir = ${prefix}/include
libdir = ${exec_prefix}/lib
mandir = ${prefix}/share/man
prefix = /home/moebius/eclipse/eclipse-os-build/usr
sharedlibdir = ${libdir}
uname = x86_64-linux-musl
--------------------


