This file contains any messages produced by compilers while
running configure, to aid debugging if configure makes a mistake.

It was created by libfontenc configure 1.1.6, which was
generated by GNU Autoconf 2.71.  Invocation command line was

  $ ./configure --host=x86_64-linux-musl --prefix=/usr --disable-shared --enable-static ac_cv_func_malloc_0_nonnull=yes ac_cv_func_realloc_0_nonnull=yes 'ZLIB_LIBS=-L/home/moebius/eclipse2/tools/tinyx/sysroot-x86_64/usr/lib -L/home/moebius/eclipse2/tools/tinyx/sysroot-x86_64/lib -lz'

## --------- ##
## Platform. ##
## --------- ##

hostname = pop-os
uname -m = x86_64
uname -r = 7.0.11-76070011-generic
uname -s = Linux
uname -v = #202606011647~1780583645~24.04~5c4cc15 SMP PREEMPT_DYNAMIC Thu J

/usr/bin/uname -p = x86_64
/bin/uname -X     = unknown

/bin/arch              = x86_64
/usr/bin/arch -k       = unknown
/usr/convex/getsysinfo = unknown
/usr/bin/hostinfo      = unknown
/bin/machine           = unknown
/usr/bin/oslevel       = unknown
/bin/universe          = unknown

PATH: /home/moebius/.local/bin/
PATH: /tmp/.mount_CursorIdPKON/usr/share/cursor/resources/app/node_modules/@vscode/ripgrep/bin/
PATH: /home/moebius/.local/bin/
PATH: /tmp/.mount_CursorIdPKON/usr/bin/
PATH: /tmp/.mount_CursorIdPKON/usr/sbin/
PATH: /tmp/.mount_CursorIdPKON/usr/games/
PATH: /tmp/.mount_CursorIdPKON/bin/
PATH: /tmp/.mount_CursorIdPKON/sbin/
PATH: /home/moebius/.local/bin/
PATH: /home/moebius/.local/bin/
PATH: /usr/local/sbin/
PATH: /usr/local/bin/
PATH: /usr/sbin/
PATH: /usr/bin/
PATH: /sbin/
PATH: /bin/
PATH: /usr/games/
PATH: /usr/local/games/
PATH: /snap/bin/


## ----------- ##
## Core tests. ##
## ----------- ##

configure:2473: looking for aux files: config.guess config.sub ltmain.sh missing install-sh compile
configure:2486:  trying ./
configure:2515:   ./config.guess found
configure:2515:   ./config.sub found
configure:2515:   ./ltmain.sh found
configure:2515:   ./missing found
configure:2497:   ./install-sh found
configure:2515:   ./compile found
configure:2655: checking for x86_64-linux-musl-gcc
configure:2687: result: /home/moebius/eclipse2/target/x86_64/x86_64-linux-musl-cross/bin/x86_64-linux-musl-gcc
configure:3085: checking for C compiler version
configure:3094: /home/moebius/eclipse2/target/x86_64/x86_64-linux-musl-cross/bin/x86_64-linux-musl-gcc --version >&5
x86_64-linux-musl-gcc (GCC) 11.2.1 20211120
Copyright (C) 2021 Free Software Foundation, Inc.
This is free software; see the source for copying conditions.  There is NO
warranty; not even for MERCHANTABILITY or FITNESS FOR A PARTICULAR PURPOSE.

configure:3105: $? = 0
configure:3094: /home/moebius/eclipse2/target/x86_64/x86_64-linux-musl-cross/bin/x86_64-linux-musl-gcc -v >&5
Using built-in specs.
COLLECT_GCC=/home/moebius/eclipse2/target/x86_64/x86_64-linux-musl-cross/bin/x86_64-linux-musl-gcc
COLLECT_LTO_WRAPPER=/home/moebius/eclipse2/target/x86_64/x86_64-linux-musl-cross/bin/../libexec/gcc/x86_64-linux-musl/11.2.1/lto-wrapper
Target: x86_64-linux-musl
Configured with: ../src_gcc/configure --enable-languages=c,c++,fortran CC='gcc -static --static' CXX='g++ -static --static' FC='gfortran -static --static' CFLAGS='-g0 -O2 -fno-align-functions -fno-align-jumps -fno-align-loops -fno-align-labels -Wno-error' CXXFLAGS='-g0 -O2 -fno-align-functions -fno-align-jumps -fno-align-loops -fno-align-labels -Wno-error' FFLAGS='-g0 -O2 -fno-align-functions -fno-align-jumps -fno-align-loops -fno-align-labels -Wno-error' LDFLAGS='-s -static --static' --enable-default-pie --enable-static-pie --disable-cet --disable-bootstrap --disable-assembly --disable-werror --target=x86_64-linux-musl --prefix= --libdir=/lib --disable-multilib --with-sysroot=/x86_64-linux-musl --enable-tls --disable-libmudflap --disable-libsanitizer --disable-gnu-indirect-function --disable-libmpx --enable-initfini-array --enable-libstdcxx-time=rt --enable-deterministic-archives --enable-libstdcxx-time --enable-libquadmath --enable-libquadmath-support --disable-decimal-float --with-build-sysroot=/tmp/m1132/build/local/x86_64-linux-musl/obj_sysroot AR_FOR_TARGET=/tmp/m1132/build/local/x86_64-linux-musl/obj_binutils/binutils/ar AS_FOR_TARGET=/tmp/m1132/build/local/x86_64-linux-musl/obj_binutils/gas/as-new LD_FOR_TARGET=/tmp/m1132/build/local/x86_64-linux-musl/obj_binutils/ld/ld-new NM_FOR_TARGET=/tmp/m1132/build/local/x86_64-linux-musl/obj_binutils/binutils/nm-new OBJCOPY_FOR_TARGET=/tmp/m1132/build/local/x86_64-linux-musl/obj_binutils/binutils/objcopy OBJDUMP_FOR_TARGET=/tmp/m1132/build/local/x86_64-linux-musl/obj_binutils/binutils/objdump RANLIB_FOR_TARGET=/tmp/m1132/build/local/x86_64-linux-musl/obj_binutils/binutils/ranlib READELF_FOR_TARGET=/tmp/m1132/build/local/x86_64-linux-musl/obj_binutils/binutils/readelf STRIP_FOR_TARGET=/tmp/m1132/build/local/x86_64-linux-musl/obj_binutils/binutils/strip-new --build=x86_64-pc-linux-muslx32 --host=x86_64-pc-linux-muslx32
Thread model: posix
Supported LTO compression algorithms: zlib
gcc version 11.2.1 20211120 (GCC) 
configure:3105: $? = 0
configure:3094: /home/moebius/eclipse2/target/x86_64/x86_64-linux-musl-cross/bin/x86_64-linux-musl-gcc -V >&5
x86_64-linux-musl-gcc: error: unrecognized command-line option '-V'
x86_64-linux-musl-gcc: fatal error: no input files
compilation terminated.
configure:3105: $? = 1
configure:3094: /home/moebius/eclipse2/target/x86_64/x86_64-linux-musl-cross/bin/x86_64-linux-musl-gcc -qversion >&5
x86_64-linux-musl-gcc: error: unrecognized command-line option '-qversion'; did you mean '--version'?
x86_64-linux-musl-gcc: fatal error: no input files
compilation terminated.
configure:3105: $? = 1
configure:3094: /home/moebius/eclipse2/target/x86_64/x86_64-linux-musl-cross/bin/x86_64-linux-musl-gcc -version >&5
x86_64-linux-musl-gcc: error: unrecognized command-line option '-version'
x86_64-linux-musl-gcc: fatal error: no input files
compilation terminated.
configure:3105: $? = 1
configure:3125: checking whether the C compiler works
configure:3147: /home/moebius/eclipse2/target/x86_64/x86_64-linux-musl-cross/bin/x86_64-linux-musl-gcc  -I/home/moebius/eclipse2/tools/tinyx/sysroot-x86_64/usr/include -L/home/moebius/eclipse2/tools/tinyx/sysroot-x86_64/usr/lib -L/home/moebius/eclipse2/tools/tinyx/sysroot-x86_64/lib conftest.c  >&5
configure:3151: $? = 0
configure:3201: result: yes
configure:3204: checking for C compiler default output file name
configure:3206: result: a.out
configure:3212: checking for suffix of executables
configure:3219: /home/moebius/eclipse2/target/x86_64/x86_64-linux-musl-cross/bin/x86_64-linux-musl-gcc -o conftest  -I/home/moebius/eclipse2/tools/tinyx/sysroot-x86_64/usr/include -L/home/moebius/eclipse2/tools/tinyx/sysroot-x86_64/usr/lib -L/home/moebius/eclipse2/tools/tinyx/sysroot-x86_64/lib conftest.c  >&5
configure:3223: $? = 0
configure:3246: result: 
configure:3268: checking whether we are cross compiling
configure:3276: /home/moebius/eclipse2/target/x86_64/x86_64-linux-musl-cross/bin/x86_64-linux-musl-gcc -o conftest  -I/home/moebius/eclipse2/tools/tinyx/sysroot-x86_64/usr/include -L/home/moebius/eclipse2/tools/tinyx/sysroot-x86_64/usr/lib -L/home/moebius/eclipse2/tools/tinyx/sysroot-x86_64/lib conftest.c  >&5
configure:3280: $? = 0
configure:3287: ./conftest
configure:3291: $? = 0
configure:3306: result: no
configure:3311: checking for suffix of object files
configure:3334: /home/moebius/eclipse2/target/x86_64/x86_64-linux-musl-cross/bin/x86_64-linux-musl-gcc -c  -I/home/moebius/eclipse2/tools/tinyx/sysroot-x86_64/usr/include conftest.c >&5
configure:3338: $? = 0
configure:3360: result: o
configure:3364: checking whether the compiler supports GNU C
configure:3384: /home/moebius/eclipse2/target/x86_64/x86_64-linux-musl-cross/bin/x86_64-linux-musl-gcc -c  -I/home/moebius/eclipse2/tools/tinyx/sysroot-x86_64/usr/include conftest.c >&5
configure:3384: $? = 0
configure:3394: result: yes
configure:3405: checking whether /home/moebius/eclipse2/target/x86_64/x86_64-linux-musl-cross/bin/x86_64-linux-musl-gcc accepts -g
configure:3426: /home/moebius/eclipse2/target/x86_64/x86_64-linux-musl-cross/bin/x86_64-linux-musl-gcc -c -g -I/home/moebius/eclipse2/tools/tinyx/sysroot-x86_64/usr/include conftest.c >&5
configure:3426: $? = 0
configure:3470: result: yes
configure:3490: checking for /home/moebius/eclipse2/target/x86_64/x86_64-linux-musl-cross/bin/x86_64-linux-musl-gcc option to enable C11 features
configure:3505: /home/moebius/eclipse2/target/x86_64/x86_64-linux-musl-cross/bin/x86_64-linux-musl-gcc  -c -g -O2 -I/home/moebius/eclipse2/tools/tinyx/sysroot-x86_64/usr/include conftest.c >&5
configure:3505: $? = 0
configure:3523: result: none needed
configure:3639: checking whether /home/moebius/eclipse2/target/x86_64/x86_64-linux-musl-cross/bin/x86_64-linux-musl-gcc understands -c and -o together
configure:3662: /home/moebius/eclipse2/target/x86_64/x86_64-linux-musl-cross/bin/x86_64-linux-musl-gcc -c conftest.c -o conftest2.o
configure:3665: $? = 0
configure:3662: /home/moebius/eclipse2/target/x86_64/x86_64-linux-musl-cross/bin/x86_64-linux-musl-gcc -c conftest.c -o conftest2.o
configure:3665: $? = 0
configure:3677: result: yes
configure:3699: checking for stdio.h
configure:3699: /home/moebius/eclipse2/target/x86_64/x86_64-linux-musl-cross/bin/x86_64-linux-musl-gcc -c -g -O2 -I/home/moebius/eclipse2/tools/tinyx/sysroot-x86_64/usr/include conftest.c >&5
configure:3699: $? = 0
configure:3699: result: yes
configure:3699: checking for stdlib.h
configure:3699: /home/moebius/eclipse2/target/x86_64/x86_64-linux-musl-cross/bin/x86_64-linux-musl-gcc -c -g -O2 -I/home/moebius/eclipse2/tools/tinyx/sysroot-x86_64/usr/include conftest.c >&5
configure:3699: $? = 0
configure:3699: result: yes
configure:3699: checking for string.h
configure:3699: /home/moebius/eclipse2/target/x86_64/x86_64-linux-musl-cross/bin/x86_64-linux-musl-gcc -c -g -O2 -I/home/moebius/eclipse2/tools/tinyx/sysroot-x86_64/usr/include conftest.c >&5
configure:3699: $? = 0
configure:3699: result: yes
configure:3699: checking for inttypes.h
configure:3699: /home/moebius/eclipse2/target/x86_64/x86_64-linux-musl-cross/bin/x86_64-linux-musl-gcc -c -g -O2 -I/home/moebius/eclipse2/tools/tinyx/sysroot-x86_64/usr/include conftest.c >&5
configure:3699: $? = 0
configure:3699: result: yes
configure:3699: checking for stdint.h
configure:3699: /home/moebius/eclipse2/target/x86_64/x86_64-linux-musl-cross/bin/x86_64-linux-musl-gcc -c -g -O2 -I/home/moebius/eclipse2/tools/tinyx/sysroot-x86_64/usr/include conftest.c >&5
configure:3699: $? = 0
configure:3699: result: yes
configure:3699: checking for strings.h
configure:3699: /home/moebius/eclipse2/target/x86_64/x86_64-linux-musl-cross/bin/x86_64-linux-musl-gcc -c -g -O2 -I/home/moebius/eclipse2/tools/tinyx/sysroot-x86_64/usr/include conftest.c >&5
configure:3699: $? = 0
configure:3699: result: yes
configure:3699: checking for sys/stat.h
configure:3699: /home/moebius/eclipse2/target/x86_64/x86_64-linux-musl-cross/bin/x86_64-linux-musl-gcc -c -g -O2 -I/home/moebius/eclipse2/tools/tinyx/sysroot-x86_64/usr/include conftest.c >&5
configure:3699: $? = 0
configure:3699: result: yes
configure:3699: checking for sys/types.h
configure:3699: /home/moebius/eclipse2/target/x86_64/x86_64-linux-musl-cross/bin/x86_64-linux-musl-gcc -c -g -O2 -I/home/moebius/eclipse2/tools/tinyx/sysroot-x86_64/usr/include conftest.c >&5
configure:3699: $? = 0
configure:3699: result: yes
configure:3699: checking for unistd.h
configure:3699: /home/moebius/eclipse2/target/x86_64/x86_64-linux-musl-cross/bin/x86_64-linux-musl-gcc -c -g -O2 -I/home/moebius/eclipse2/tools/tinyx/sysroot-x86_64/usr/include conftest.c >&5
configure:3699: $? = 0
configure:3699: result: yes
configure:3699: checking for wchar.h
configure:3699: /home/moebius/eclipse2/target/x86_64/x86_64-linux-musl-cross/bin/x86_64-linux-musl-gcc -c -g -O2 -I/home/moebius/eclipse2/tools/tinyx/sysroot-x86_64/usr/include conftest.c >&5
configure:3699: $? = 0
configure:3699: result: yes
configure:3699: checking for minix/config.h
configure:3699: /home/moebius/eclipse2/target/x86_64/x86_64-linux-musl-cross/bin/x86_64-linux-musl-gcc -c -g -O2 -I/home/moebius/eclipse2/tools/tinyx/sysroot-x86_64/usr/include conftest.c >&5
conftest.c:47:10: fatal error: minix/config.h: No such file or directory
   47 | #include <minix/config.h>
      |          ^~~~~~~~~~~~~~~~
compilation terminated.
configure:3699: $? = 1
configure: failed program was:
| /* confdefs.h */
| #define PACKAGE_NAME "libfontenc"
| #define PACKAGE_TARNAME "libfontenc"
| #define PACKAGE_VERSION "1.1.6"
| #define PACKAGE_STRING "libfontenc 1.1.6"
| #define PACKAGE_BUGREPORT "https://gitlab.freedesktop.org/xorg/lib/libfontenc/-/issues"
| #define PACKAGE_URL ""
| #define HAVE_STDIO_H 1
| #define HAVE_STDLIB_H 1
| #define HAVE_STRING_H 1
| #define HAVE_INTTYPES_H 1
| #define HAVE_STDINT_H 1
| #define HAVE_STRINGS_H 1
| #define HAVE_SYS_STAT_H 1
| #define HAVE_SYS_TYPES_H 1
| #define HAVE_UNISTD_H 1
| #define HAVE_WCHAR_H 1
| /* end confdefs.h.  */
| #include <stddef.h>
| #ifdef HAVE_STDIO_H
| # include <stdio.h>
| #endif
| #ifdef HAVE_STDLIB_H
| # include <stdlib.h>
| #endif
| #ifdef HAVE_STRING_H
| # include <string.h>
| #endif
| #ifdef HAVE_INTTYPES_H
| # include <inttypes.h>
| #endif
| #ifdef HAVE_STDINT_H
| # include <stdint.h>
| #endif
| #ifdef HAVE_STRINGS_H
| # include <strings.h>
| #endif
| #ifdef HAVE_SYS_TYPES_H
| # include <sys/types.h>
| #endif
| #ifdef HAVE_SYS_STAT_H
| # include <sys/stat.h>
| #endif
| #ifdef HAVE_UNISTD_H
| # include <unistd.h>
| #endif
| #include <minix/config.h>
configure:3699: result: no
configure:3730: checking whether it is safe to define __EXTENSIONS__
configure:3749: /home/moebius/eclipse2/target/x86_64/x86_64-linux-musl-cross/bin/x86_64-linux-musl-gcc -c -g -O2 -I/home/moebius/eclipse2/tools/tinyx/sysroot-x86_64/usr/include conftest.c >&5
configure:3749: $? = 0
configure:3757: result: yes
configure:3760: checking whether _XOPEN_SOURCE should be defined
configure:3782: /home/moebius/eclipse2/target/x86_64/x86_64-linux-musl-cross/bin/x86_64-linux-musl-gcc -c -g -O2 -I/home/moebius/eclipse2/tools/tinyx/sysroot-x86_64/usr/include conftest.c >&5
configure:3782: $? = 0
configure:3809: result: no
configure:3884: checking for a BSD-compatible install
configure:3957: result: /usr/bin/install -c
configure:3968: checking whether build environment is sane
configure:4023: result: yes
configure:4178: checking for a race-free mkdir -p
configure:4222: result: /usr/bin/mkdir -p
configure:4229: checking for gawk
configure:4264: result: no
configure:4229: checking for mawk
configure:4250: found /usr/bin/mawk
configure:4261: result: mawk
configure:4272: checking whether make sets $(MAKE)
configure:4295: result: yes
configure:4317: checking whether make supports the include directive
configure:4332: make -f confmf.GNU && cat confinc.out
this is the am__doit target
configure:4335: $? = 0
configure:4354: result: yes (GNU style)
configure:4389: checking whether make supports nested variables
configure:4407: result: yes
configure:4488: checking dependency style of /home/moebius/eclipse2/target/x86_64/x86_64-linux-musl-cross/bin/x86_64-linux-musl-gcc
configure:4600: result: gcc3
configure:4706: checking build system type
configure:4721: result: x86_64-pc-linux-musl
configure:4741: checking host system type
configure:4755: result: x86_64-pc-linux-musl
configure:4796: checking how to print strings
configure:4823: result: printf
configure:4844: checking for a sed that does not truncate output
configure:4914: result: /usr/bin/sed
configure:4932: checking for grep that handles long lines and -e
configure:4996: result: /usr/bin/grep
configure:5001: checking for egrep
configure:5069: result: /usr/bin/grep -E
configure:5074: checking for fgrep
configure:5142: result: /usr/bin/grep -F
configure:5178: checking for ld used by /home/moebius/eclipse2/target/x86_64/x86_64-linux-musl-cross/bin/x86_64-linux-musl-gcc
configure:5246: result: /home/moebius/eclipse2/target/x86_64/x86_64-linux-musl-cross/x86_64-linux-musl/bin/ld
configure:5253: checking if the linker (/home/moebius/eclipse2/target/x86_64/x86_64-linux-musl-cross/x86_64-linux-musl/bin/ld) is GNU ld
configure:5269: result: yes
configure:5281: checking for BSD- or MS-compatible name lister (nm)
configure:5336: result: /usr/bin/nm -B
configure:5476: checking the name lister (/usr/bin/nm -B) interface
configure:5484: /home/moebius/eclipse2/target/x86_64/x86_64-linux-musl-cross/bin/x86_64-linux-musl-gcc -c -g -O2 -I/home/moebius/eclipse2/tools/tinyx/sysroot-x86_64/usr/include conftest.c >&5
configure:5487: /usr/bin/nm -B "conftest.o"
configure:5490: output
0000000000000000 B some_variable
configure:5497: result: BSD nm
configure:5500: checking whether ln -s works
configure:5504: result: yes
configure:5512: checking the maximum length of command line arguments
configure:5644: result: 1572864
configure:5692: checking how to convert x86_64-pc-linux-musl file names to x86_64-pc-linux-musl format
configure:5733: result: func_convert_file_noop
configure:5740: checking how to convert x86_64-pc-linux-musl file names to toolchain format
configure:5761: result: func_convert_file_noop
configure:5768: checking for /home/moebius/eclipse2/target/x86_64/x86_64-linux-musl-cross/x86_64-linux-musl/bin/ld option to reload object files
configure:5776: result: -r
configure:5810: checking for x86_64-linux-musl-file
configure:5845: result: no
configure:5855: checking for file
configure:5876: found /usr/bin/file
configure:5887: result: file
configure:5918: checking for x86_64-linux-musl-objdump
configure:5953: result: no
configure:5963: checking for objdump
configure:5984: found /usr/bin/objdump
configure:5995: result: objdump
configure:6027: checking how to recognize dependent libraries
configure:6228: result: pass_all
configure:6273: checking for x86_64-linux-musl-dlltool
configure:6308: result: no
configure:6318: checking for dlltool
configure:6353: result: no
configure:6383: checking how to associate runtime and link libraries
configure:6411: result: printf %s\n
configure:6427: checking for x86_64-linux-musl-ar
configure:6459: result: /home/moebius/eclipse2/target/x86_64/x86_64-linux-musl-cross/bin/x86_64-linux-musl-ar
configure:6561: checking for archiver @FILE support
configure:6579: /home/moebius/eclipse2/target/x86_64/x86_64-linux-musl-cross/bin/x86_64-linux-musl-gcc -c -g -O2 -I/home/moebius/eclipse2/tools/tinyx/sysroot-x86_64/usr/include conftest.c >&5
configure:6579: $? = 0
configure:6583: /home/moebius/eclipse2/target/x86_64/x86_64-linux-musl-cross/bin/x86_64-linux-musl-ar cr libconftest.a @conftest.lst >&5
configure:6586: $? = 0
configure:6591: /home/moebius/eclipse2/target/x86_64/x86_64-linux-musl-cross/bin/x86_64-linux-musl-ar cr libconftest.a @conftest.lst >&5
/home/moebius/eclipse2/target/x86_64/x86_64-linux-musl-cross/bin/x86_64-linux-musl-ar: conftest.o: No such file or directory
configure:6594: $? = 1
configure:6606: result: @
configure:6624: checking for x86_64-linux-musl-strip
configure:6659: result: no
configure:6669: checking for strip
configure:6690: found /usr/bin/strip
configure:6701: result: strip
configure:6733: checking for x86_64-linux-musl-ranlib
configure:6765: result: /home/moebius/eclipse2/target/x86_64/x86_64-linux-musl-cross/bin/x86_64-linux-musl-ranlib
configure:6912: checking command to parse /usr/bin/nm -B output from /home/moebius/eclipse2/target/x86_64/x86_64-linux-musl-cross/bin/x86_64-linux-musl-gcc object
configure:7066: /home/moebius/eclipse2/target/x86_64/x86_64-linux-musl-cross/bin/x86_64-linux-musl-gcc -c -g -O2 -I/home/moebius/eclipse2/tools/tinyx/sysroot-x86_64/usr/include conftest.c >&5
configure:7069: $? = 0
configure:7073: /usr/bin/nm -B conftest.o | /usr/bin/sed -n -e 's/^.*[	 ]\([ABCDGIRSTW][ABCDGIRSTW]*\)[	 ][	 ]*\([_A-Za-z][_A-Za-z0-9]*\)$/\1 \2 \2/p' | /usr/bin/sed '/ __gnu_lto/d' > conftest.nm
configure:7139: /home/moebius/eclipse2/target/x86_64/x86_64-linux-musl-cross/bin/x86_64-linux-musl-gcc -o conftest -g -O2 -I/home/moebius/eclipse2/tools/tinyx/sysroot-x86_64/usr/include -L/home/moebius/eclipse2/tools/tinyx/sysroot-x86_64/usr/lib -L/home/moebius/eclipse2/tools/tinyx/sysroot-x86_64/lib conftest.c conftstm.o >&5
configure:7142: $? = 0
configure:7180: result: ok
configure:7227: checking for sysroot
configure:7258: result: no
configure:7265: checking for a working dd
configure:7309: result: /usr/bin/dd
configure:7313: checking how to truncate binary pipes
configure:7329: result: /usr/bin/dd bs=4096 count=1
configure:7466: /home/moebius/eclipse2/target/x86_64/x86_64-linux-musl-cross/bin/x86_64-linux-musl-gcc -c -g -O2 -I/home/moebius/eclipse2/tools/tinyx/sysroot-x86_64/usr/include conftest.c >&5
configure:7469: $? = 0
configure:7621: checking for x86_64-linux-musl-mt
configure:7656: result: no
configure:7666: checking for mt
configure:7687: found /usr/bin/mt
configure:7698: result: mt
configure:7721: checking if mt is a manifest tool
configure:7728: mt '-?'
configure:7736: result: no
configure:8457: checking for dlfcn.h
configure:8457: /home/moebius/eclipse2/target/x86_64/x86_64-linux-musl-cross/bin/x86_64-linux-musl-gcc -c -g -O2 -I/home/moebius/eclipse2/tools/tinyx/sysroot-x86_64/usr/include conftest.c >&5
configure:8457: $? = 0
configure:8457: result: yes
configure:8716: checking for objdir
configure:8732: result: .libs
configure:8992: checking if /home/moebius/eclipse2/target/x86_64/x86_64-linux-musl-cross/bin/x86_64-linux-musl-gcc supports -fno-rtti -fno-exceptions
configure:9011: /home/moebius/eclipse2/target/x86_64/x86_64-linux-musl-cross/bin/x86_64-linux-musl-gcc -c -g -O2 -I/home/moebius/eclipse2/tools/tinyx/sysroot-x86_64/usr/include -fno-rtti -fno-exceptions conftest.c >&5
cc1: warning: command-line option '-fno-rtti' is valid for C++/D/ObjC++ but not for C
configure:9015: $? = 0
configure:9028: result: no
configure:9392: checking for /home/moebius/eclipse2/target/x86_64/x86_64-linux-musl-cross/bin/x86_64-linux-musl-gcc option to produce PIC
configure:9400: result: -fPIC -DPIC
configure:9408: checking if /home/moebius/eclipse2/target/x86_64/x86_64-linux-musl-cross/bin/x86_64-linux-musl-gcc PIC flag -fPIC -DPIC works
configure:9427: /home/moebius/eclipse2/target/x86_64/x86_64-linux-musl-cross/bin/x86_64-linux-musl-gcc -c -g -O2 -I/home/moebius/eclipse2/tools/tinyx/sysroot-x86_64/usr/include -fPIC -DPIC -DPIC conftest.c >&5
configure:9431: $? = 0
configure:9444: result: yes
configure:9473: checking if /home/moebius/eclipse2/target/x86_64/x86_64-linux-musl-cross/bin/x86_64-linux-musl-gcc static flag -static works
configure:9502: result: yes
configure:9517: checking if /home/moebius/eclipse2/target/x86_64/x86_64-linux-musl-cross/bin/x86_64-linux-musl-gcc supports -c -o file.o
configure:9539: /home/moebius/eclipse2/target/x86_64/x86_64-linux-musl-cross/bin/x86_64-linux-musl-gcc -c -g -O2 -I/home/moebius/eclipse2/tools/tinyx/sysroot-x86_64/usr/include -o out/conftest2.o conftest.c >&5
configure:9543: $? = 0
configure:9565: result: yes
configure:9573: checking if /home/moebius/eclipse2/target/x86_64/x86_64-linux-musl-cross/bin/x86_64-linux-musl-gcc supports -c -o file.o
configure:9621: result: yes
configure:9654: checking whether the /home/moebius/eclipse2/target/x86_64/x86_64-linux-musl-cross/bin/x86_64-linux-musl-gcc linker (/home/moebius/eclipse2/target/x86_64/x86_64-linux-musl-cross/x86_64-linux-musl/bin/ld -m elf_x86_64) supports shared libraries
configure:10928: result: yes
configure:11169: checking dynamic linker characteristics
configure:11751: /home/moebius/eclipse2/target/x86_64/x86_64-linux-musl-cross/bin/x86_64-linux-musl-gcc -o conftest -g -O2 -I/home/moebius/eclipse2/tools/tinyx/sysroot-x86_64/usr/include -L/home/moebius/eclipse2/tools/tinyx/sysroot-x86_64/usr/lib -L/home/moebius/eclipse2/tools/tinyx/sysroot-x86_64/lib -Wl,-rpath -Wl,/foo conftest.c  >&5
configure:11751: $? = 0
configure:12002: result: GNU/Linux ld.so
configure:12124: checking how to hardcode library paths into programs
configure:12149: result: immediate
configure:12701: checking whether stripping libraries is possible
configure:12710: result: yes
configure:12752: checking if libtool supports shared libraries
configure:12754: result: yes
configure:12757: checking whether to build shared libraries
configure:12782: result: no
configure:12785: checking whether to build static libraries
configure:12789: result: yes
configure:12840: checking for /home/moebius/eclipse2/target/x86_64/x86_64-linux-musl-cross/bin/x86_64-linux-musl-gcc options needed to detect all undeclared functions
configure:12862: /home/moebius/eclipse2/target/x86_64/x86_64-linux-musl-cross/bin/x86_64-linux-musl-gcc -c -g -O2  -I/home/moebius/eclipse2/tools/tinyx/sysroot-x86_64/usr/include conftest.c >&5
conftest.c: In function 'main':
conftest.c:44:8: error: 'strchr' undeclared (first use in this function)
   44 | (void) strchr;
      |        ^~~~~~
conftest.c:1:1: note: 'strchr' is defined in header '<string.h>'; did you forget to '#include <string.h>'?
    1 | /* confdefs.h */
conftest.c:44:8: note: each undeclared identifier is reported only once for each function it appears in
   44 | (void) strchr;
      |        ^~~~~~
configure:12862: $? = 1
configure: failed program was:
| /* confdefs.h */
| #define PACKAGE_NAME "libfontenc"
| #define PACKAGE_TARNAME "libfontenc"
| #define PACKAGE_VERSION "1.1.6"
| #define PACKAGE_STRING "libfontenc 1.1.6"
| #define PACKAGE_BUGREPORT "https://gitlab.freedesktop.org/xorg/lib/libfontenc/-/issues"
| #define PACKAGE_URL ""
| #define HAVE_STDIO_H 1
| #define HAVE_STDLIB_H 1
| #define HAVE_STRING_H 1
| #define HAVE_INTTYPES_H 1
| #define HAVE_STDINT_H 1
| #define HAVE_STRINGS_H 1
| #define HAVE_SYS_STAT_H 1
| #define HAVE_SYS_TYPES_H 1
| #define HAVE_UNISTD_H 1
| #define HAVE_WCHAR_H 1
| #define STDC_HEADERS 1
| #define _ALL_SOURCE 1
| #define _DARWIN_C_SOURCE 1
| #define _GNU_SOURCE 1
| #define _HPUX_ALT_XOPEN_SOCKET_API 1
| #define _NETBSD_SOURCE 1
| #define _OPENBSD_SOURCE 1
| #define _POSIX_PTHREAD_SEMANTICS 1
| #define __STDC_WANT_IEC_60559_ATTRIBS_EXT__ 1
| #define __STDC_WANT_IEC_60559_BFP_EXT__ 1
| #define __STDC_WANT_IEC_60559_DFP_EXT__ 1
| #define __STDC_WANT_IEC_60559_FUNCS_EXT__ 1
| #define __STDC_WANT_IEC_60559_TYPES_EXT__ 1
| #define __STDC_WANT_LIB_EXT2__ 1
| #define __STDC_WANT_MATH_SPEC_FUNCS__ 1
| #define _TANDEM_SOURCE 1
| #define __EXTENSIONS__ 1
| #define PACKAGE "libfontenc"
| #define VERSION "1.1.6"
| #define HAVE_DLFCN_H 1
| #define LT_OBJDIR ".libs/"
| /* end confdefs.h.  */
| 
| int
| main (void)
| {
| (void) strchr;
|   ;
|   return 0;
| }
configure:12889: /home/moebius/eclipse2/target/x86_64/x86_64-linux-musl-cross/bin/x86_64-linux-musl-gcc -c -g -O2  -I/home/moebius/eclipse2/tools/tinyx/sysroot-x86_64/usr/include conftest.c >&5
configure:12889: $? = 0
configure:12906: result: none needed
configure:12924: checking whether __clang__ is declared
configure:12924: /home/moebius/eclipse2/target/x86_64/x86_64-linux-musl-cross/bin/x86_64-linux-musl-gcc -c -g -O2  -I/home/moebius/eclipse2/tools/tinyx/sysroot-x86_64/usr/include conftest.c >&5
conftest.c: In function 'main':
conftest.c:75:10: error: '__clang__' undeclared (first use in this function)
   75 |   (void) __clang__;
      |          ^~~~~~~~~
conftest.c:75:10: note: each undeclared identifier is reported only once for each function it appears in
configure:12924: $? = 1
configure: failed program was:
| /* confdefs.h */
| #define PACKAGE_NAME "libfontenc"
| #define PACKAGE_TARNAME "libfontenc"
| #define PACKAGE_VERSION "1.1.6"
| #define PACKAGE_STRING "libfontenc 1.1.6"
| #define PACKAGE_BUGREPORT "https://gitlab.freedesktop.org/xorg/lib/libfontenc/-/issues"
| #define PACKAGE_URL ""
| #define HAVE_STDIO_H 1
| #define HAVE_STDLIB_H 1
| #define HAVE_STRING_H 1
| #define HAVE_INTTYPES_H 1
| #define HAVE_STDINT_H 1
| #define HAVE_STRINGS_H 1
| #define HAVE_SYS_STAT_H 1
| #define HAVE_SYS_TYPES_H 1
| #define HAVE_UNISTD_H 1
| #define HAVE_WCHAR_H 1
| #define STDC_HEADERS 1
| #define _ALL_SOURCE 1
| #define _DARWIN_C_SOURCE 1
| #define _GNU_SOURCE 1
| #define _HPUX_ALT_XOPEN_SOCKET_API 1
| #define _NETBSD_SOURCE 1
| #define _OPENBSD_SOURCE 1
| #define _POSIX_PTHREAD_SEMANTICS 1
| #define __STDC_WANT_IEC_60559_ATTRIBS_EXT__ 1
| #define __STDC_WANT_IEC_60559_BFP_EXT__ 1
| #define __STDC_WANT_IEC_60559_DFP_EXT__ 1
| #define __STDC_WANT_IEC_60559_FUNCS_EXT__ 1
| #define __STDC_WANT_IEC_60559_TYPES_EXT__ 1
| #define __STDC_WANT_LIB_EXT2__ 1
| #define __STDC_WANT_MATH_SPEC_FUNCS__ 1
| #define _TANDEM_SOURCE 1
| #define __EXTENSIONS__ 1
| #define PACKAGE "libfontenc"
| #define VERSION "1.1.6"
| #define HAVE_DLFCN_H 1
| #define LT_OBJDIR ".libs/"
| /* end confdefs.h.  */
| #include <stddef.h>
| #ifdef HAVE_STDIO_H
| # include <stdio.h>
| #endif
| #ifdef HAVE_STDLIB_H
| # include <stdlib.h>
| #endif
| #ifdef HAVE_STRING_H
| # include <string.h>
| #endif
| #ifdef HAVE_INTTYPES_H
| # include <inttypes.h>
| #endif
| #ifdef HAVE_STDINT_H
| # include <stdint.h>
| #endif
| #ifdef HAVE_STRINGS_H
| # include <strings.h>
| #endif
| #ifdef HAVE_SYS_TYPES_H
| # include <sys/types.h>
| #endif
| #ifdef HAVE_SYS_STAT_H
| # include <sys/stat.h>
| #endif
| #ifdef HAVE_UNISTD_H
| # include <unistd.h>
| #endif
| int
| main (void)
| {
| #ifndef __clang__
| #ifdef __cplusplus
|   (void) __clang__;
| #else
|   (void) __clang__;
| #endif
| #endif
| 
|   ;
|   return 0;
| }
configure:12924: result: no
configure:12931: checking whether __INTEL_COMPILER is declared
configure:12931: /home/moebius/eclipse2/target/x86_64/x86_64-linux-musl-cross/bin/x86_64-linux-musl-gcc -c -g -O2  -I/home/moebius/eclipse2/tools/tinyx/sysroot-x86_64/usr/include conftest.c >&5
conftest.c: In function 'main':
conftest.c:75:10: error: '__INTEL_COMPILER' undeclared (first use in this function)
   75 |   (void) __INTEL_COMPILER;
      |          ^~~~~~~~~~~~~~~~
conftest.c:75:10: note: each undeclared identifier is reported only once for each function it appears in
configure:12931: $? = 1
configure: failed program was:
| /* confdefs.h */
| #define PACKAGE_NAME "libfontenc"
| #define PACKAGE_TARNAME "libfontenc"
| #define PACKAGE_VERSION "1.1.6"
| #define PACKAGE_STRING "libfontenc 1.1.6"
| #define PACKAGE_BUGREPORT "https://gitlab.freedesktop.org/xorg/lib/libfontenc/-/issues"
| #define PACKAGE_URL ""
| #define HAVE_STDIO_H 1
| #define HAVE_STDLIB_H 1
| #define HAVE_STRING_H 1
| #define HAVE_INTTYPES_H 1
| #define HAVE_STDINT_H 1
| #define HAVE_STRINGS_H 1
| #define HAVE_SYS_STAT_H 1
| #define HAVE_SYS_TYPES_H 1
| #define HAVE_UNISTD_H 1
| #define HAVE_WCHAR_H 1
| #define STDC_HEADERS 1
| #define _ALL_SOURCE 1
| #define _DARWIN_C_SOURCE 1
| #define _GNU_SOURCE 1
| #define _HPUX_ALT_XOPEN_SOCKET_API 1
| #define _NETBSD_SOURCE 1
| #define _OPENBSD_SOURCE 1
| #define _POSIX_PTHREAD_SEMANTICS 1
| #define __STDC_WANT_IEC_60559_ATTRIBS_EXT__ 1
| #define __STDC_WANT_IEC_60559_BFP_EXT__ 1
| #define __STDC_WANT_IEC_60559_DFP_EXT__ 1
| #define __STDC_WANT_IEC_60559_FUNCS_EXT__ 1
| #define __STDC_WANT_IEC_60559_TYPES_EXT__ 1
| #define __STDC_WANT_LIB_EXT2__ 1
| #define __STDC_WANT_MATH_SPEC_FUNCS__ 1
| #define _TANDEM_SOURCE 1
| #define __EXTENSIONS__ 1
| #define PACKAGE "libfontenc"
| #define VERSION "1.1.6"
| #define HAVE_DLFCN_H 1
| #define LT_OBJDIR ".libs/"
| /* end confdefs.h.  */
| #include <stddef.h>
| #ifdef HAVE_STDIO_H
| # include <stdio.h>
| #endif
| #ifdef HAVE_STDLIB_H
| # include <stdlib.h>
| #endif
| #ifdef HAVE_STRING_H
| # include <string.h>
| #endif
| #ifdef HAVE_INTTYPES_H
| # include <inttypes.h>
| #endif
| #ifdef HAVE_STDINT_H
| # include <stdint.h>
| #endif
| #ifdef HAVE_STRINGS_H
| # include <strings.h>
| #endif
| #ifdef HAVE_SYS_TYPES_H
| # include <sys/types.h>
| #endif
| #ifdef HAVE_SYS_STAT_H
| # include <sys/stat.h>
| #endif
| #ifdef HAVE_UNISTD_H
| # include <unistd.h>
| #endif
| int
| main (void)
| {
| #ifndef __INTEL_COMPILER
| #ifdef __cplusplus
|   (void) __INTEL_COMPILER;
| #else
|   (void) __INTEL_COMPILER;
| #endif
| #endif
| 
|   ;
|   return 0;
| }
configure:12931: result: no
configure:12938: checking whether __SUNPRO_C is declared
configure:12938: /home/moebius/eclipse2/target/x86_64/x86_64-linux-musl-cross/bin/x86_64-linux-musl-gcc -c -g -O2  -I/home/moebius/eclipse2/tools/tinyx/sysroot-x86_64/usr/include conftest.c >&5
conftest.c: In function 'main':
conftest.c:75:10: error: '__SUNPRO_C' undeclared (first use in this function)
   75 |   (void) __SUNPRO_C;
      |          ^~~~~~~~~~
conftest.c:75:10: note: each undeclared identifier is reported only once for each function it appears in
configure:12938: $? = 1
configure: failed program was:
| /* confdefs.h */
| #define PACKAGE_NAME "libfontenc"
| #define PACKAGE_TARNAME "libfontenc"
| #define PACKAGE_VERSION "1.1.6"
| #define PACKAGE_STRING "libfontenc 1.1.6"
| #define PACKAGE_BUGREPORT "https://gitlab.freedesktop.org/xorg/lib/libfontenc/-/issues"
| #define PACKAGE_URL ""
| #define HAVE_STDIO_H 1
| #define HAVE_STDLIB_H 1
| #define HAVE_STRING_H 1
| #define HAVE_INTTYPES_H 1
| #define HAVE_STDINT_H 1
| #define HAVE_STRINGS_H 1
| #define HAVE_SYS_STAT_H 1
| #define HAVE_SYS_TYPES_H 1
| #define HAVE_UNISTD_H 1
| #define HAVE_WCHAR_H 1
| #define STDC_HEADERS 1
| #define _ALL_SOURCE 1
| #define _DARWIN_C_SOURCE 1
| #define _GNU_SOURCE 1
| #define _HPUX_ALT_XOPEN_SOCKET_API 1
| #define _NETBSD_SOURCE 1
| #define _OPENBSD_SOURCE 1
| #define _POSIX_PTHREAD_SEMANTICS 1
| #define __STDC_WANT_IEC_60559_ATTRIBS_EXT__ 1
| #define __STDC_WANT_IEC_60559_BFP_EXT__ 1
| #define __STDC_WANT_IEC_60559_DFP_EXT__ 1
| #define __STDC_WANT_IEC_60559_FUNCS_EXT__ 1
| #define __STDC_WANT_IEC_60559_TYPES_EXT__ 1
| #define __STDC_WANT_LIB_EXT2__ 1
| #define __STDC_WANT_MATH_SPEC_FUNCS__ 1
| #define _TANDEM_SOURCE 1
| #define __EXTENSIONS__ 1
| #define PACKAGE "libfontenc"
| #define VERSION "1.1.6"
| #define HAVE_DLFCN_H 1
| #define LT_OBJDIR ".libs/"
| /* end confdefs.h.  */
| #include <stddef.h>
| #ifdef HAVE_STDIO_H
| # include <stdio.h>
| #endif
| #ifdef HAVE_STDLIB_H
| # include <stdlib.h>
| #endif
| #ifdef HAVE_STRING_H
| # include <string.h>
| #endif
| #ifdef HAVE_INTTYPES_H
| # include <inttypes.h>
| #endif
| #ifdef HAVE_STDINT_H
| # include <stdint.h>
| #endif
| #ifdef HAVE_STRINGS_H
| # include <strings.h>
| #endif
| #ifdef HAVE_SYS_TYPES_H
| # include <sys/types.h>
| #endif
| #ifdef HAVE_SYS_STAT_H
| # include <sys/stat.h>
| #endif
| #ifdef HAVE_UNISTD_H
| # include <unistd.h>
| #endif
| int
| main (void)
| {
| #ifndef __SUNPRO_C
| #ifdef __cplusplus
|   (void) __SUNPRO_C;
| #else
|   (void) __SUNPRO_C;
| #endif
| #endif
| 
|   ;
|   return 0;
| }
configure:12938: result: no
configure:13065: checking pkg-config is at least version 0.9.0
configure:13068: result: yes
configure:13118: checking if /home/moebius/eclipse2/target/x86_64/x86_64-linux-musl-cross/bin/x86_64-linux-musl-gcc supports -Werror=unknown-warning-option
configure:13128: /home/moebius/eclipse2/target/x86_64/x86_64-linux-musl-cross/bin/x86_64-linux-musl-gcc -c -g -O2 -Werror=unknown-warning-option -I/home/moebius/eclipse2/tools/tinyx/sysroot-x86_64/usr/include conftest.c >&5
cc1: error: '-Werror=unknown-warning-option': no option '-Wunknown-warning-option'
configure:13128: $? = 1
configure: failed program was:
| /* confdefs.h */
| #define PACKAGE_NAME "libfontenc"
| #define PACKAGE_TARNAME "libfontenc"
| #define PACKAGE_VERSION "1.1.6"
| #define PACKAGE_STRING "libfontenc 1.1.6"
| #define PACKAGE_BUGREPORT "https://gitlab.freedesktop.org/xorg/lib/libfontenc/-/issues"
| #define PACKAGE_URL ""
| #define HAVE_STDIO_H 1
| #define HAVE_STDLIB_H 1
| #define HAVE_STRING_H 1
| #define HAVE_INTTYPES_H 1
| #define HAVE_STDINT_H 1
| #define HAVE_STRINGS_H 1
| #define HAVE_SYS_STAT_H 1
| #define HAVE_SYS_TYPES_H 1
| #define HAVE_UNISTD_H 1
| #define HAVE_WCHAR_H 1
| #define STDC_HEADERS 1
| #define _ALL_SOURCE 1
| #define _DARWIN_C_SOURCE 1
| #define _GNU_SOURCE 1
| #define _HPUX_ALT_XOPEN_SOCKET_API 1
| #define _NETBSD_SOURCE 1
| #define _OPENBSD_SOURCE 1
| #define _POSIX_PTHREAD_SEMANTICS 1
| #define __STDC_WANT_IEC_60559_ATTRIBS_EXT__ 1
| #define __STDC_WANT_IEC_60559_BFP_EXT__ 1
| #define __STDC_WANT_IEC_60559_DFP_EXT__ 1
| #define __STDC_WANT_IEC_60559_FUNCS_EXT__ 1
| #define __STDC_WANT_IEC_60559_TYPES_EXT__ 1
| #define __STDC_WANT_LIB_EXT2__ 1
| #define __STDC_WANT_MATH_SPEC_FUNCS__ 1
| #define _TANDEM_SOURCE 1
| #define __EXTENSIONS__ 1
| #define PACKAGE "libfontenc"
| #define VERSION "1.1.6"
| #define HAVE_DLFCN_H 1
| #define LT_OBJDIR ".libs/"
| /* end confdefs.h.  */
| int i;
configure:13136: result: no
configure:13147: checking if /home/moebius/eclipse2/target/x86_64/x86_64-linux-musl-cross/bin/x86_64-linux-musl-gcc supports -Werror=unused-command-line-argument
configure:13157: /home/moebius/eclipse2/target/x86_64/x86_64-linux-musl-cross/bin/x86_64-linux-musl-gcc -c -g -O2 -Werror=unused-command-line-argument -I/home/moebius/eclipse2/tools/tinyx/sysroot-x86_64/usr/include conftest.c >&5
cc1: error: '-Werror=unused-command-line-argument': no option '-Wunused-command-line-argument'; did you mean '-Wunused-dummy-argument'?
configure:13157: $? = 1
configure: failed program was:
| /* confdefs.h */
| #define PACKAGE_NAME "libfontenc"
| #define PACKAGE_TARNAME "libfontenc"
| #define PACKAGE_VERSION "1.1.6"
| #define PACKAGE_STRING "libfontenc 1.1.6"
| #define PACKAGE_BUGREPORT "https://gitlab.freedesktop.org/xorg/lib/libfontenc/-/issues"
| #define PACKAGE_URL ""
| #define HAVE_STDIO_H 1
| #define HAVE_STDLIB_H 1
| #define HAVE_STRING_H 1
| #define HAVE_INTTYPES_H 1
| #define HAVE_STDINT_H 1
| #define HAVE_STRINGS_H 1
| #define HAVE_SYS_STAT_H 1
| #define HAVE_SYS_TYPES_H 1
| #define HAVE_UNISTD_H 1
| #define HAVE_WCHAR_H 1
| #define STDC_HEADERS 1
| #define _ALL_SOURCE 1
| #define _DARWIN_C_SOURCE 1
| #define _GNU_SOURCE 1
| #define _HPUX_ALT_XOPEN_SOCKET_API 1
| #define _NETBSD_SOURCE 1
| #define _OPENBSD_SOURCE 1
| #define _POSIX_PTHREAD_SEMANTICS 1
| #define __STDC_WANT_IEC_60559_ATTRIBS_EXT__ 1
| #define __STDC_WANT_IEC_60559_BFP_EXT__ 1
| #define __STDC_WANT_IEC_60559_DFP_EXT__ 1
| #define __STDC_WANT_IEC_60559_FUNCS_EXT__ 1
| #define __STDC_WANT_IEC_60559_TYPES_EXT__ 1
| #define __STDC_WANT_LIB_EXT2__ 1
| #define __STDC_WANT_MATH_SPEC_FUNCS__ 1
| #define _TANDEM_SOURCE 1
| #define __EXTENSIONS__ 1
| #define PACKAGE "libfontenc"
| #define VERSION "1.1.6"
| #define HAVE_DLFCN_H 1
| #define LT_OBJDIR ".libs/"
| /* end confdefs.h.  */
| int i;
configure:13165: result: no
configure:13184: checking if /home/moebius/eclipse2/target/x86_64/x86_64-linux-musl-cross/bin/x86_64-linux-musl-gcc supports -Wall
configure:13202: /home/moebius/eclipse2/target/x86_64/x86_64-linux-musl-cross/bin/x86_64-linux-musl-gcc -o conftest -g -O2 -Wall -I/home/moebius/eclipse2/tools/tinyx/sysroot-x86_64/usr/include -L/home/moebius/eclipse2/tools/tinyx/sysroot-x86_64/usr/lib -L/home/moebius/eclipse2/tools/tinyx/sysroot-x86_64/lib conftest.c  >&5
configure:13202: $? = 0
configure:13216: result: yes
configure:13308: checking if /home/moebius/eclipse2/target/x86_64/x86_64-linux-musl-cross/bin/x86_64-linux-musl-gcc supports -Wpointer-arith
configure:13326: /home/moebius/eclipse2/target/x86_64/x86_64-linux-musl-cross/bin/x86_64-linux-musl-gcc -o conftest -g -O2 -Wpointer-arith -I/home/moebius/eclipse2/tools/tinyx/sysroot-x86_64/usr/include -L/home/moebius/eclipse2/tools/tinyx/sysroot-x86_64/usr/lib -L/home/moebius/eclipse2/tools/tinyx/sysroot-x86_64/lib conftest.c  >&5
configure:13326: $? = 0
configure:13340: result: yes
configure:13432: checking if /home/moebius/eclipse2/target/x86_64/x86_64-linux-musl-cross/bin/x86_64-linux-musl-gcc supports -Wmissing-declarations
configure:13450: /home/moebius/eclipse2/target/x86_64/x86_64-linux-musl-cross/bin/x86_64-linux-musl-gcc -o conftest -g -O2 -Wmissing-declarations -I/home/moebius/eclipse2/tools/tinyx/sysroot-x86_64/usr/include -L/home/moebius/eclipse2/tools/tinyx/sysroot-x86_64/usr/lib -L/home/moebius/eclipse2/tools/tinyx/sysroot-x86_64/lib conftest.c  >&5
configure:13450: $? = 0
configure:13464: result: yes
configure:13556: checking if /home/moebius/eclipse2/target/x86_64/x86_64-linux-musl-cross/bin/x86_64-linux-musl-gcc supports -Wformat=2
configure:13574: /home/moebius/eclipse2/target/x86_64/x86_64-linux-musl-cross/bin/x86_64-linux-musl-gcc -o conftest -g -O2 -Wformat=2 -I/home/moebius/eclipse2/tools/tinyx/sysroot-x86_64/usr/include -L/home/moebius/eclipse2/tools/tinyx/sysroot-x86_64/usr/lib -L/home/moebius/eclipse2/tools/tinyx/sysroot-x86_64/lib conftest.c  >&5
configure:13574: $? = 0
configure:13588: result: yes
configure:13733: checking if /home/moebius/eclipse2/target/x86_64/x86_64-linux-musl-cross/bin/x86_64-linux-musl-gcc supports -Wstrict-prototypes
configure:13751: /home/moebius/eclipse2/target/x86_64/x86_64-linux-musl-cross/bin/x86_64-linux-musl-gcc -o conftest -g -O2 -Wstrict-prototypes -I/home/moebius/eclipse2/tools/tinyx/sysroot-x86_64/usr/include -L/home/moebius/eclipse2/tools/tinyx/sysroot-x86_64/usr/lib -L/home/moebius/eclipse2/tools/tinyx/sysroot-x86_64/lib conftest.c  >&5
configure:13751: $? = 0
configure:13765: result: yes
configure:13857: checking if /home/moebius/eclipse2/target/x86_64/x86_64-linux-musl-cross/bin/x86_64-linux-musl-gcc supports -Wmissing-prototypes
configure:13875: /home/moebius/eclipse2/target/x86_64/x86_64-linux-musl-cross/bin/x86_64-linux-musl-gcc -o conftest -g -O2 -Wmissing-prototypes -I/home/moebius/eclipse2/tools/tinyx/sysroot-x86_64/usr/include -L/home/moebius/eclipse2/tools/tinyx/sysroot-x86_64/usr/lib -L/home/moebius/eclipse2/tools/tinyx/sysroot-x86_64/lib conftest.c  >&5
configure:13875: $? = 0
configure:13889: result: yes
configure:13981: checking if /home/moebius/eclipse2/target/x86_64/x86_64-linux-musl-cross/bin/x86_64-linux-musl-gcc supports -Wnested-externs
configure:13999: /home/moebius/eclipse2/target/x86_64/x86_64-linux-musl-cross/bin/x86_64-linux-musl-gcc -o conftest -g -O2 -Wnested-externs -I/home/moebius/eclipse2/tools/tinyx/sysroot-x86_64/usr/include -L/home/moebius/eclipse2/tools/tinyx/sysroot-x86_64/usr/lib -L/home/moebius/eclipse2/tools/tinyx/sysroot-x86_64/lib conftest.c  >&5
configure:13999: $? = 0
configure:14013: result: yes
configure:14105: checking if /home/moebius/eclipse2/target/x86_64/x86_64-linux-musl-cross/bin/x86_64-linux-musl-gcc supports -Wbad-function-cast
configure:14123: /home/moebius/eclipse2/target/x86_64/x86_64-linux-musl-cross/bin/x86_64-linux-musl-gcc -o conftest -g -O2 -Wbad-function-cast -I/home/moebius/eclipse2/tools/tinyx/sysroot-x86_64/usr/include -L/home/moebius/eclipse2/tools/tinyx/sysroot-x86_64/usr/lib -L/home/moebius/eclipse2/tools/tinyx/sysroot-x86_64/lib conftest.c  >&5
configure:14123: $? = 0
configure:14137: result: yes
configure:14229: checking if /home/moebius/eclipse2/target/x86_64/x86_64-linux-musl-cross/bin/x86_64-linux-musl-gcc supports -Wold-style-definition
configure:14247: /home/moebius/eclipse2/target/x86_64/x86_64-linux-musl-cross/bin/x86_64-linux-musl-gcc -o conftest -g -O2 -Wold-style-definition -I/home/moebius/eclipse2/tools/tinyx/sysroot-x86_64/usr/include -L/home/moebius/eclipse2/tools/tinyx/sysroot-x86_64/usr/lib -L/home/moebius/eclipse2/tools/tinyx/sysroot-x86_64/lib conftest.c  >&5
configure:14247: $? = 0
configure:14261: result: yes
configure:14404: checking if /home/moebius/eclipse2/target/x86_64/x86_64-linux-musl-cross/bin/x86_64-linux-musl-gcc supports -Wdeclaration-after-statement
configure:14422: /home/moebius/eclipse2/target/x86_64/x86_64-linux-musl-cross/bin/x86_64-linux-musl-gcc -o conftest -g -O2 -Wdeclaration-after-statement -I/home/moebius/eclipse2/tools/tinyx/sysroot-x86_64/usr/include -L/home/moebius/eclipse2/tools/tinyx/sysroot-x86_64/usr/lib -L/home/moebius/eclipse2/tools/tinyx/sysroot-x86_64/lib conftest.c  >&5
configure:14422: $? = 0
configure:14436: result: yes
configure:14532: checking if /home/moebius/eclipse2/target/x86_64/x86_64-linux-musl-cross/bin/x86_64-linux-musl-gcc supports -Wunused
configure:14550: /home/moebius/eclipse2/target/x86_64/x86_64-linux-musl-cross/bin/x86_64-linux-musl-gcc -o conftest -g -O2 -Wunused -I/home/moebius/eclipse2/tools/tinyx/sysroot-x86_64/usr/include -L/home/moebius/eclipse2/tools/tinyx/sysroot-x86_64/usr/lib -L/home/moebius/eclipse2/tools/tinyx/sysroot-x86_64/lib conftest.c  >&5
configure:14550: $? = 0
configure:14564: result: yes
configure:14656: checking if /home/moebius/eclipse2/target/x86_64/x86_64-linux-musl-cross/bin/x86_64-linux-musl-gcc supports -Wuninitialized
configure:14674: /home/moebius/eclipse2/target/x86_64/x86_64-linux-musl-cross/bin/x86_64-linux-musl-gcc -o conftest -g -O2 -Wuninitialized -I/home/moebius/eclipse2/tools/tinyx/sysroot-x86_64/usr/include -L/home/moebius/eclipse2/tools/tinyx/sysroot-x86_64/usr/lib -L/home/moebius/eclipse2/tools/tinyx/sysroot-x86_64/lib conftest.c  >&5
configure:14674: $? = 0
configure:14688: result: yes
configure:14780: checking if /home/moebius/eclipse2/target/x86_64/x86_64-linux-musl-cross/bin/x86_64-linux-musl-gcc supports -Wshadow
configure:14798: /home/moebius/eclipse2/target/x86_64/x86_64-linux-musl-cross/bin/x86_64-linux-musl-gcc -o conftest -g -O2 -Wshadow -I/home/moebius/eclipse2/tools/tinyx/sysroot-x86_64/usr/include -L/home/moebius/eclipse2/tools/tinyx/sysroot-x86_64/usr/lib -L/home/moebius/eclipse2/tools/tinyx/sysroot-x86_64/lib conftest.c  >&5
configure:14798: $? = 0
configure:14812: result: yes
configure:14904: checking if /home/moebius/eclipse2/target/x86_64/x86_64-linux-musl-cross/bin/x86_64-linux-musl-gcc supports -Wmissing-noreturn
configure:14922: /home/moebius/eclipse2/target/x86_64/x86_64-linux-musl-cross/bin/x86_64-linux-musl-gcc -o conftest -g -O2 -Wmissing-noreturn -I/home/moebius/eclipse2/tools/tinyx/sysroot-x86_64/usr/include -L/home/moebius/eclipse2/tools/tinyx/sysroot-x86_64/usr/lib -L/home/moebius/eclipse2/tools/tinyx/sysroot-x86_64/lib conftest.c  >&5
configure:14922: $? = 0
configure:14936: result: yes
configure:15028: checking if /home/moebius/eclipse2/target/x86_64/x86_64-linux-musl-cross/bin/x86_64-linux-musl-gcc supports -Wmissing-format-attribute
configure:15046: /home/moebius/eclipse2/target/x86_64/x86_64-linux-musl-cross/bin/x86_64-linux-musl-gcc -o conftest -g -O2 -Wmissing-format-attribute -I/home/moebius/eclipse2/tools/tinyx/sysroot-x86_64/usr/include -L/home/moebius/eclipse2/tools/tinyx/sysroot-x86_64/usr/lib -L/home/moebius/eclipse2/tools/tinyx/sysroot-x86_64/lib conftest.c  >&5
configure:15046: $? = 0
configure:15060: result: yes
configure:15152: checking if /home/moebius/eclipse2/target/x86_64/x86_64-linux-musl-cross/bin/x86_64-linux-musl-gcc supports -Wredundant-decls
configure:15170: /home/moebius/eclipse2/target/x86_64/x86_64-linux-musl-cross/bin/x86_64-linux-musl-gcc -o conftest -g -O2 -Wredundant-decls -I/home/moebius/eclipse2/tools/tinyx/sysroot-x86_64/usr/include -L/home/moebius/eclipse2/tools/tinyx/sysroot-x86_64/usr/lib -L/home/moebius/eclipse2/tools/tinyx/sysroot-x86_64/lib conftest.c  >&5
configure:15170: $? = 0
configure:15184: result: yes
configure:15276: checking if /home/moebius/eclipse2/target/x86_64/x86_64-linux-musl-cross/bin/x86_64-linux-musl-gcc supports -Wlogical-op
configure:15294: /home/moebius/eclipse2/target/x86_64/x86_64-linux-musl-cross/bin/x86_64-linux-musl-gcc -o conftest -g -O2 -Wlogical-op -I/home/moebius/eclipse2/tools/tinyx/sysroot-x86_64/usr/include -L/home/moebius/eclipse2/tools/tinyx/sysroot-x86_64/usr/lib -L/home/moebius/eclipse2/tools/tinyx/sysroot-x86_64/lib conftest.c  >&5
configure:15294: $? = 0
configure:15308: result: yes
configure:15412: checking if /home/moebius/eclipse2/target/x86_64/x86_64-linux-musl-cross/bin/x86_64-linux-musl-gcc supports -Werror=implicit
configure:15430: /home/moebius/eclipse2/target/x86_64/x86_64-linux-musl-cross/bin/x86_64-linux-musl-gcc -o conftest -g -O2 -Werror=implicit -I/home/moebius/eclipse2/tools/tinyx/sysroot-x86_64/usr/include -L/home/moebius/eclipse2/tools/tinyx/sysroot-x86_64/usr/lib -L/home/moebius/eclipse2/tools/tinyx/sysroot-x86_64/lib conftest.c  >&5
configure:15430: $? = 0
configure:15444: result: yes
configure:15587: checking if /home/moebius/eclipse2/target/x86_64/x86_64-linux-musl-cross/bin/x86_64-linux-musl-gcc supports -Werror=nonnull
configure:15605: /home/moebius/eclipse2/target/x86_64/x86_64-linux-musl-cross/bin/x86_64-linux-musl-gcc -o conftest -g -O2 -Werror=nonnull -I/home/moebius/eclipse2/tools/tinyx/sysroot-x86_64/usr/include -L/home/moebius/eclipse2/tools/tinyx/sysroot-x86_64/usr/lib -L/home/moebius/eclipse2/tools/tinyx/sysroot-x86_64/lib conftest.c  >&5
configure:15605: $? = 0
configure:15619: result: yes
configure:15711: checking if /home/moebius/eclipse2/target/x86_64/x86_64-linux-musl-cross/bin/x86_64-linux-musl-gcc supports -Werror=init-self
configure:15729: /home/moebius/eclipse2/target/x86_64/x86_64-linux-musl-cross/bin/x86_64-linux-musl-gcc -o conftest -g -O2 -Werror=init-self -I/home/moebius/eclipse2/tools/tinyx/sysroot-x86_64/usr/include -L/home/moebius/eclipse2/tools/tinyx/sysroot-x86_64/usr/lib -L/home/moebius/eclipse2/tools/tinyx/sysroot-x86_64/lib conftest.c  >&5
configure:15729: $? = 0
configure:15743: result: yes
configure:15835: checking if /home/moebius/eclipse2/target/x86_64/x86_64-linux-musl-cross/bin/x86_64-linux-musl-gcc supports -Werror=main
configure:15853: /home/moebius/eclipse2/target/x86_64/x86_64-linux-musl-cross/bin/x86_64-linux-musl-gcc -o conftest -g -O2 -Werror=main -I/home/moebius/eclipse2/tools/tinyx/sysroot-x86_64/usr/include -L/home/moebius/eclipse2/tools/tinyx/sysroot-x86_64/usr/lib -L/home/moebius/eclipse2/tools/tinyx/sysroot-x86_64/lib conftest.c  >&5
configure:15853: $? = 0
configure:15867: result: yes
configure:15959: checking if /home/moebius/eclipse2/target/x86_64/x86_64-linux-musl-cross/bin/x86_64-linux-musl-gcc supports -Werror=missing-braces
configure:15977: /home/moebius/eclipse2/target/x86_64/x86_64-linux-musl-cross/bin/x86_64-linux-musl-gcc -o conftest -g -O2 -Werror=missing-braces -I/home/moebius/eclipse2/tools/tinyx/sysroot-x86_64/usr/include -L/home/moebius/eclipse2/tools/tinyx/sysroot-x86_64/usr/lib -L/home/moebius/eclipse2/tools/tinyx/sysroot-x86_64/lib conftest.c  >&5
configure:15977: $? = 0
configure:15991: result: yes
configure:16083: checking if /home/moebius/eclipse2/target/x86_64/x86_64-linux-musl-cross/bin/x86_64-linux-musl-gcc supports -Werror=sequence-point
configure:16101: /home/moebius/eclipse2/target/x86_64/x86_64-linux-musl-cross/bin/x86_64-linux-musl-gcc -o conftest -g -O2 -Werror=sequence-point -I/home/moebius/eclipse2/tools/tinyx/sysroot-x86_64/usr/include -L/home/moebius/eclipse2/tools/tinyx/sysroot-x86_64/usr/lib -L/home/moebius/eclipse2/tools/tinyx/sysroot-x86_64/lib conftest.c  >&5
configure:16101: $? = 0
configure:16115: result: yes
configure:16207: checking if /home/moebius/eclipse2/target/x86_64/x86_64-linux-musl-cross/bin/x86_64-linux-musl-gcc supports -Werror=return-type
configure:16225: /home/moebius/eclipse2/target/x86_64/x86_64-linux-musl-cross/bin/x86_64-linux-musl-gcc -o conftest -g -O2 -Werror=return-type -I/home/moebius/eclipse2/tools/tinyx/sysroot-x86_64/usr/include -L/home/moebius/eclipse2/tools/tinyx/sysroot-x86_64/usr/lib -L/home/moebius/eclipse2/tools/tinyx/sysroot-x86_64/lib conftest.c  >&5
configure:16225: $? = 0
configure:16239: result: yes
configure:16382: checking if /home/moebius/eclipse2/target/x86_64/x86_64-linux-musl-cross/bin/x86_64-linux-musl-gcc supports -Werror=trigraphs
configure:16400: /home/moebius/eclipse2/target/x86_64/x86_64-linux-musl-cross/bin/x86_64-linux-musl-gcc -o conftest -g -O2 -Werror=trigraphs -I/home/moebius/eclipse2/tools/tinyx/sysroot-x86_64/usr/include -L/home/moebius/eclipse2/tools/tinyx/sysroot-x86_64/usr/lib -L/home/moebius/eclipse2/tools/tinyx/sysroot-x86_64/lib conftest.c  >&5
configure:16400: $? = 0
configure:16414: result: yes
configure:16506: checking if /home/moebius/eclipse2/target/x86_64/x86_64-linux-musl-cross/bin/x86_64-linux-musl-gcc supports -Werror=array-bounds
configure:16524: /home/moebius/eclipse2/target/x86_64/x86_64-linux-musl-cross/bin/x86_64-linux-musl-gcc -o conftest -g -O2 -Werror=array-bounds -I/home/moebius/eclipse2/tools/tinyx/sysroot-x86_64/usr/include -L/home/moebius/eclipse2/tools/tinyx/sysroot-x86_64/usr/lib -L/home/moebius/eclipse2/tools/tinyx/sysroot-x86_64/lib conftest.c  >&5
configure:16524: $? = 0
configure:16538: result: yes
configure:16630: checking if /home/moebius/eclipse2/target/x86_64/x86_64-linux-musl-cross/bin/x86_64-linux-musl-gcc supports -Werror=write-strings
configure:16648: /home/moebius/eclipse2/target/x86_64/x86_64-linux-musl-cross/bin/x86_64-linux-musl-gcc -o conftest -g -O2 -Werror=write-strings -I/home/moebius/eclipse2/tools/tinyx/sysroot-x86_64/usr/include -L/home/moebius/eclipse2/tools/tinyx/sysroot-x86_64/usr/lib -L/home/moebius/eclipse2/tools/tinyx/sysroot-x86_64/lib conftest.c  >&5
configure:16648: $? = 0
configure:16662: result: yes
configure:16754: checking if /home/moebius/eclipse2/target/x86_64/x86_64-linux-musl-cross/bin/x86_64-linux-musl-gcc supports -Werror=address
configure:16772: /home/moebius/eclipse2/target/x86_64/x86_64-linux-musl-cross/bin/x86_64-linux-musl-gcc -o conftest -g -O2 -Werror=address -I/home/moebius/eclipse2/tools/tinyx/sysroot-x86_64/usr/include -L/home/moebius/eclipse2/tools/tinyx/sysroot-x86_64/usr/lib -L/home/moebius/eclipse2/tools/tinyx/sysroot-x86_64/lib conftest.c  >&5
configure:16772: $? = 0
configure:16786: result: yes
configure:16878: checking if /home/moebius/eclipse2/target/x86_64/x86_64-linux-musl-cross/bin/x86_64-linux-musl-gcc supports -Werror=int-to-pointer-cast
configure:16896: /home/moebius/eclipse2/target/x86_64/x86_64-linux-musl-cross/bin/x86_64-linux-musl-gcc -o conftest -g -O2 -Werror=int-to-pointer-cast -I/home/moebius/eclipse2/tools/tinyx/sysroot-x86_64/usr/include -L/home/moebius/eclipse2/tools/tinyx/sysroot-x86_64/usr/lib -L/home/moebius/eclipse2/tools/tinyx/sysroot-x86_64/lib conftest.c  >&5
configure:16896: $? = 0
configure:16910: result: yes
configure:17053: checking if /home/moebius/eclipse2/target/x86_64/x86_64-linux-musl-cross/bin/x86_64-linux-musl-gcc supports -Werror=pointer-to-int-cast
configure:17071: /home/moebius/eclipse2/target/x86_64/x86_64-linux-musl-cross/bin/x86_64-linux-musl-gcc -o conftest -g -O2 -Werror=pointer-to-int-cast -I/home/moebius/eclipse2/tools/tinyx/sysroot-x86_64/usr/include -L/home/moebius/eclipse2/tools/tinyx/sysroot-x86_64/usr/lib -L/home/moebius/eclipse2/tools/tinyx/sysroot-x86_64/lib conftest.c  >&5
configure:17071: $? = 0
configure:17085: result: yes
configure:18826: checking if /home/moebius/eclipse2/target/x86_64/x86_64-linux-musl-cross/bin/x86_64-linux-musl-gcc supports -pedantic
configure:18844: /home/moebius/eclipse2/target/x86_64/x86_64-linux-musl-cross/bin/x86_64-linux-musl-gcc -o conftest -g -O2 -pedantic -I/home/moebius/eclipse2/tools/tinyx/sysroot-x86_64/usr/include -L/home/moebius/eclipse2/tools/tinyx/sysroot-x86_64/usr/lib -L/home/moebius/eclipse2/tools/tinyx/sysroot-x86_64/lib conftest.c  >&5
configure:18844: $? = 0
configure:18858: result: yes
configure:18950: checking if /home/moebius/eclipse2/target/x86_64/x86_64-linux-musl-cross/bin/x86_64-linux-musl-gcc supports -Werror
configure:18968: /home/moebius/eclipse2/target/x86_64/x86_64-linux-musl-cross/bin/x86_64-linux-musl-gcc -o conftest -g -O2 -Werror -I/home/moebius/eclipse2/tools/tinyx/sysroot-x86_64/usr/include -L/home/moebius/eclipse2/tools/tinyx/sysroot-x86_64/usr/lib -L/home/moebius/eclipse2/tools/tinyx/sysroot-x86_64/lib conftest.c  >&5
configure:18968: $? = 0
configure:18982: result: yes
configure:19128: checking if /home/moebius/eclipse2/target/x86_64/x86_64-linux-musl-cross/bin/x86_64-linux-musl-gcc supports -Werror=attributes
configure:19146: /home/moebius/eclipse2/target/x86_64/x86_64-linux-musl-cross/bin/x86_64-linux-musl-gcc -o conftest -g -O2 -Werror=attributes -I/home/moebius/eclipse2/tools/tinyx/sysroot-x86_64/usr/include -L/home/moebius/eclipse2/tools/tinyx/sysroot-x86_64/usr/lib -L/home/moebius/eclipse2/tools/tinyx/sysroot-x86_64/lib conftest.c  >&5
configure:19146: $? = 0
configure:19160: result: yes
configure:19351: checking whether make supports nested variables
configure:19369: result: yes
configure:19397: checking for root directory for font files
configure:19415: result: ${datarootdir}/fonts/X11
configure:19421: checking for directory for encodings files
configure:19433: result: ${FONTROOTDIR}/encodings
configure:19438: checking for zlib.h
configure:19438: /home/moebius/eclipse2/target/x86_64/x86_64-linux-musl-cross/bin/x86_64-linux-musl-gcc -c -g -O2 -I/home/moebius/eclipse2/tools/tinyx/sysroot-x86_64/usr/include conftest.c >&5
configure:19438: $? = 0
configure:19438: result: yes
configure:19449: checking for gzclose in -lz
configure:19472: /home/moebius/eclipse2/target/x86_64/x86_64-linux-musl-cross/bin/x86_64-linux-musl-gcc -o conftest -g -O2 -I/home/moebius/eclipse2/tools/tinyx/sysroot-x86_64/usr/include -L/home/moebius/eclipse2/tools/tinyx/sysroot-x86_64/usr/lib -L/home/moebius/eclipse2/tools/tinyx/sysroot-x86_64/lib conftest.c -lz   >&5
configure:19472: $? = 0
configure:19482: result: yes
configure:19501: checking for xproto
configure:19508: $PKG_CONFIG --exists --print-errors "xproto"
configure:19511: $? = 0
configure:19525: $PKG_CONFIG --exists --print-errors "xproto"
configure:19528: $? = 0
configure:19586: result: yes
configure:19592: checking for reallocarray
configure:19592: /home/moebius/eclipse2/target/x86_64/x86_64-linux-musl-cross/bin/x86_64-linux-musl-gcc -o conftest -g -O2 -I/home/moebius/eclipse2/tools/tinyx/sysroot-x86_64/usr/include -L/home/moebius/eclipse2/tools/tinyx/sysroot-x86_64/usr/lib -L/home/moebius/eclipse2/tools/tinyx/sysroot-x86_64/lib conftest.c -lz  >&5
configure:19592: $? = 0
configure:19592: result: yes
configure:19820: checking that generated files are newer than configure
configure:19826: result: done
configure:19853: creating ./config.status

## ---------------------- ##
## Running config.status. ##
## ---------------------- ##

This file was extended by libfontenc config.status 1.1.6, which was
generated by GNU Autoconf 2.71.  Invocation command line was

  CONFIG_FILES    = 
  CONFIG_HEADERS  = 
  CONFIG_LINKS    = 
  CONFIG_COMMANDS = 
  $ ./config.status 

on pop-os

config.status:1149: creating Makefile
config.status:1149: creating src/Makefile
config.status:1149: creating fontenc.pc
config.status:1149: creating config.h
config.status:1378: executing depfiles commands
config.status:1455: cd src       && sed -e '/# am--include-marker/d' Makefile         | make -f - am--depfiles
config.status:1460: $? = 0
config.status:1378: executing libtool commands

## ---------------- ##
## Cache variables. ##
## ---------------- ##

ac_cv_build=x86_64-pc-linux-musl
ac_cv_c_compiler_gnu=yes
ac_cv_c_undeclared_builtin_options='none needed'
ac_cv_env_CC_set=set
ac_cv_env_CC_value=/home/moebius/eclipse2/target/x86_64/x86_64-linux-musl-cross/bin/x86_64-linux-musl-gcc
ac_cv_env_CFLAGS_set=
ac_cv_env_CFLAGS_value=
ac_cv_env_CPPFLAGS_set=set
ac_cv_env_CPPFLAGS_value=-I/home/moebius/eclipse2/tools/tinyx/sysroot-x86_64/usr/include
ac_cv_env_FONTENC_CFLAGS_set=
ac_cv_env_FONTENC_CFLAGS_value=
ac_cv_env_FONTENC_LIBS_set=
ac_cv_env_FONTENC_LIBS_value=
ac_cv_env_LDFLAGS_set=set
ac_cv_env_LDFLAGS_value='-L/home/moebius/eclipse2/tools/tinyx/sysroot-x86_64/usr/lib -L/home/moebius/eclipse2/tools/tinyx/sysroot-x86_64/lib'
ac_cv_env_LIBS_set=
ac_cv_env_LIBS_value=
ac_cv_env_LINT_FLAGS_set=
ac_cv_env_LINT_FLAGS_value=
ac_cv_env_LINT_set=
ac_cv_env_LINT_value=
ac_cv_env_LT_SYS_LIBRARY_PATH_set=
ac_cv_env_LT_SYS_LIBRARY_PATH_value=
ac_cv_env_PKG_CONFIG_LIBDIR_set=set
ac_cv_env_PKG_CONFIG_LIBDIR_value=tools/tinyx/sysroot-x86_64/usr/lib/pkgconfig
ac_cv_env_PKG_CONFIG_PATH_set=set
ac_cv_env_PKG_CONFIG_PATH_value=/home/moebius/eclipse2/tools/tinyx/sysroot-x86_64/usr/lib/pkgconfig
ac_cv_env_PKG_CONFIG_set=set
ac_cv_env_PKG_CONFIG_value=/home/moebius/eclipse2/tools/tinyx/pkg-config-static.sh
ac_cv_env_build_alias_set=
ac_cv_env_build_alias_value=
ac_cv_env_host_alias_set=set
ac_cv_env_host_alias_value=x86_64-linux-musl
ac_cv_env_target_alias_set=
ac_cv_env_target_alias_value=
ac_cv_func_malloc_0_nonnull=yes
ac_cv_func_realloc_0_nonnull=yes
ac_cv_func_reallocarray=yes
ac_cv_have_decl___INTEL_COMPILER=no
ac_cv_have_decl___SUNPRO_C=no
ac_cv_have_decl___clang__=no
ac_cv_header_dlfcn_h=yes
ac_cv_header_inttypes_h=yes
ac_cv_header_minix_config_h=no
ac_cv_header_stdint_h=yes
ac_cv_header_stdio_h=yes
ac_cv_header_stdlib_h=yes
ac_cv_header_string_h=yes
ac_cv_header_strings_h=yes
ac_cv_header_sys_stat_h=yes
ac_cv_header_sys_types_h=yes
ac_cv_header_unistd_h=yes
ac_cv_header_wchar_h=yes
ac_cv_header_zlib_h=yes
ac_cv_host=x86_64-pc-linux-musl
ac_cv_lib_z_gzclose=yes
ac_cv_objext=o
ac_cv_path_EGREP='/usr/bin/grep -E'
ac_cv_path_FGREP='/usr/bin/grep -F'
ac_cv_path_GREP=/usr/bin/grep
ac_cv_path_SED=/usr/bin/sed
ac_cv_path_install='/usr/bin/install -c'
ac_cv_path_lt_DD=/usr/bin/dd
ac_cv_path_mkdir=/usr/bin/mkdir
ac_cv_prog_AR=/home/moebius/eclipse2/target/x86_64/x86_64-linux-musl-cross/bin/x86_64-linux-musl-ar
ac_cv_prog_AWK=mawk
ac_cv_prog_CC=/home/moebius/eclipse2/target/x86_64/x86_64-linux-musl-cross/bin/x86_64-linux-musl-gcc
ac_cv_prog_RANLIB=/home/moebius/eclipse2/target/x86_64/x86_64-linux-musl-cross/bin/x86_64-linux-musl-ranlib
ac_cv_prog_ac_ct_FILECMD=file
ac_cv_prog_ac_ct_MANIFEST_TOOL=mt
ac_cv_prog_ac_ct_OBJDUMP=objdump
ac_cv_prog_ac_ct_STRIP=strip
ac_cv_prog_cc_c11=
ac_cv_prog_cc_g=yes
ac_cv_prog_cc_stdc=
ac_cv_prog_make_make_set=yes
ac_cv_safe_to_define___extensions__=yes
ac_cv_should_define__xopen_source=no
am_cv_CC_dependencies_compiler_type=gcc3
am_cv_make_support_nested_variables=yes
am_cv_prog_cc_c_o=yes
lt_cv_ar_at_file=@
lt_cv_deplibs_check_method=pass_all
lt_cv_file_magic_cmd='$MAGIC_CMD'
lt_cv_file_magic_test_file=
lt_cv_ld_reload_flag=-r
lt_cv_nm_interface='BSD nm'
lt_cv_objdir=.libs
lt_cv_path_LD=/home/moebius/eclipse2/target/x86_64/x86_64-linux-musl-cross/x86_64-linux-musl/bin/ld
lt_cv_path_NM='/usr/bin/nm -B'
lt_cv_path_mainfest_tool=no
lt_cv_prog_compiler_c_o=yes
lt_cv_prog_compiler_pic='-fPIC -DPIC'
lt_cv_prog_compiler_pic_works=yes
lt_cv_prog_compiler_rtti_exceptions=no
lt_cv_prog_compiler_static_works=yes
lt_cv_prog_gnu_ld=yes
lt_cv_sharedlib_from_linklib_cmd='printf %s\n'
lt_cv_shlibpath_overrides_runpath=no
lt_cv_sys_global_symbol_pipe='/usr/bin/sed -n -e '\''s/^.*[	 ]\([ABCDGIRSTW][ABCDGIRSTW]*\)[	 ][	 ]*\([_A-Za-z][_A-Za-z0-9]*\)$/\1 \2 \2/p'\'' | /usr/bin/sed '\''/ __gnu_lto/d'\'''
lt_cv_sys_global_symbol_to_c_name_address='/usr/bin/sed -n -e '\''s/^: \(.*\) .*$/  {"\1", (void *) 0},/p'\'' -e '\''s/^[ABCDGIRSTW][ABCDGIRSTW]* .* \(.*\)$/  {"\1", (void *) \&\1},/p'\'''
lt_cv_sys_global_symbol_to_c_name_address_lib_prefix='/usr/bin/sed -n -e '\''s/^: \(.*\) .*$/  {"\1", (void *) 0},/p'\'' -e '\''s/^[ABCDGIRSTW][ABCDGIRSTW]* .* \(lib.*\)$/  {"\1", (void *) \&\1},/p'\'' -e '\''s/^[ABCDGIRSTW][ABCDGIRSTW]* .* \(.*\)$/  {"lib\1", (void *) \&\1},/p'\'''
lt_cv_sys_global_symbol_to_cdecl='/usr/bin/sed -n -e '\''s/^T .* \(.*\)$/extern int \1();/p'\'' -e '\''s/^[ABCDGIRSTW][ABCDGIRSTW]* .* \(.*\)$/extern char \1;/p'\'''
lt_cv_sys_global_symbol_to_import=
lt_cv_sys_max_cmd_len=1572864
lt_cv_to_host_file_cmd=func_convert_file_noop
lt_cv_to_tool_file_cmd=func_convert_file_noop
lt_cv_truncate_bin='/usr/bin/dd bs=4096 count=1'
pkg_cv_FONTENC_CFLAGS='-I/home/moebius/eclipse2/tools/tinyx/sysroot-x86_64/usr/include '
pkg_cv_FONTENC_LIBS=
xorg_cv_cc_flag__Wall=yes
xorg_cv_cc_flag__Wbad_function_cast=yes
xorg_cv_cc_flag__Wdeclaration_after_statement=yes
xorg_cv_cc_flag__Werror=yes
xorg_cv_cc_flag__Werror_address=yes
xorg_cv_cc_flag__Werror_array_bounds=yes
xorg_cv_cc_flag__Werror_attributes=yes
xorg_cv_cc_flag__Werror_implicit=yes
xorg_cv_cc_flag__Werror_init_self=yes
xorg_cv_cc_flag__Werror_int_to_pointer_cast=yes
xorg_cv_cc_flag__Werror_main=yes
xorg_cv_cc_flag__Werror_missing_braces=yes
xorg_cv_cc_flag__Werror_nonnull=yes
xorg_cv_cc_flag__Werror_pointer_to_int_cast=yes
xorg_cv_cc_flag__Werror_return_type=yes
xorg_cv_cc_flag__Werror_sequence_point=yes
xorg_cv_cc_flag__Werror_trigraphs=yes
xorg_cv_cc_flag__Werror_write_strings=yes
xorg_cv_cc_flag__Wformat_2=yes
xorg_cv_cc_flag__Wlogical_op=yes
xorg_cv_cc_flag__Wmissing_declarations=yes
xorg_cv_cc_flag__Wmissing_format_attribute=yes
xorg_cv_cc_flag__Wmissing_noreturn=yes
xorg_cv_cc_flag__Wmissing_prototypes=yes
xorg_cv_cc_flag__Wnested_externs=yes
xorg_cv_cc_flag__Wold_style_definition=yes
xorg_cv_cc_flag__Wpointer_arith=yes
xorg_cv_cc_flag__Wredundant_decls=yes
xorg_cv_cc_flag__Wshadow=yes
xorg_cv_cc_flag__Wstrict_prototypes=yes
xorg_cv_cc_flag__Wuninitialized=yes
xorg_cv_cc_flag__Wunused=yes
xorg_cv_cc_flag__pedantic=yes
xorg_cv_cc_flag_unknown_warning_option=no
xorg_cv_cc_flag_unused_command_line_argument=no

## ----------------- ##
## Output variables. ##
## ----------------- ##

ACLOCAL='${SHELL} '\''/home/moebius/eclipse2/tools/tinyx/deps-build-x86_64/libfontenc-1.1.6/missing'\'' aclocal-1.16'
ADMIN_MAN_DIR='$(mandir)/man$(ADMIN_MAN_SUFFIX)'
ADMIN_MAN_SUFFIX='8'
AMDEPBACKSLASH='\'
AMDEP_FALSE='#'
AMDEP_TRUE=''
AMTAR='$${TAR-tar}'
AM_BACKSLASH='\'
AM_DEFAULT_V='$(AM_DEFAULT_VERBOSITY)'
AM_DEFAULT_VERBOSITY='0'
AM_V='$(V)'
APP_MAN_DIR='$(mandir)/man$(APP_MAN_SUFFIX)'
APP_MAN_SUFFIX='1'
AR='/home/moebius/eclipse2/target/x86_64/x86_64-linux-musl-cross/bin/x86_64-linux-musl-ar'
AUTOCONF='${SHELL} '\''/home/moebius/eclipse2/tools/tinyx/deps-build-x86_64/libfontenc-1.1.6/missing'\'' autoconf'
AUTOHEADER='${SHELL} '\''/home/moebius/eclipse2/tools/tinyx/deps-build-x86_64/libfontenc-1.1.6/missing'\'' autoheader'
AUTOMAKE='${SHELL} '\''/home/moebius/eclipse2/tools/tinyx/deps-build-x86_64/libfontenc-1.1.6/missing'\'' automake-1.16'
AWK='mawk'
BASE_CFLAGS=' -Wall -Wpointer-arith -Wmissing-declarations -Wformat=2 -Wstrict-prototypes -Wmissing-prototypes -Wnested-externs -Wbad-function-cast -Wold-style-definition -Wdeclaration-after-statement -Wunused -Wuninitialized -Wshadow -Wmissing-noreturn -Wmissing-format-attribute -Wredundant-decls -Wlogical-op -Werror=implicit -Werror=nonnull -Werror=init-self -Werror=main -Werror=missing-braces -Werror=sequence-point -Werror=return-type -Werror=trigraphs -Werror=array-bounds -Werror=write-strings -Werror=address -Werror=int-to-pointer-cast -Werror=pointer-to-int-cast'
CC='/home/moebius/eclipse2/target/x86_64/x86_64-linux-musl-cross/bin/x86_64-linux-musl-gcc'
CCDEPMODE='depmode=gcc3'
CFLAGS='-g -O2'
CHANGELOG_CMD='((GIT_DIR=$(top_srcdir)/.git git log > $(top_srcdir)/.changelog.tmp) 2>/dev/null && mv $(top_srcdir)/.changelog.tmp $(top_srcdir)/ChangeLog) || (rm -f $(top_srcdir)/.changelog.tmp; test -e $(top_srcdir)/ChangeLog || ( touch $(top_srcdir)/ChangeLog; echo '\''git failed to create ChangeLog: installing empty ChangeLog.'\'' >&2))'
CPPFLAGS='-I/home/moebius/eclipse2/tools/tinyx/sysroot-x86_64/usr/include'
CSCOPE='cscope'
CTAGS='ctags'
CWARNFLAGS=' -Wall -Wpointer-arith -Wmissing-declarations -Wformat=2 -Wstrict-prototypes -Wmissing-prototypes -Wnested-externs -Wbad-function-cast -Wold-style-definition -Wdeclaration-after-statement -Wunused -Wuninitialized -Wshadow -Wmissing-noreturn -Wmissing-format-attribute -Wredundant-decls -Wlogical-op -Werror=implicit -Werror=nonnull -Werror=init-self -Werror=main -Werror=missing-braces -Werror=sequence-point -Werror=return-type -Werror=trigraphs -Werror=array-bounds -Werror=write-strings -Werror=address -Werror=int-to-pointer-cast -Werror=pointer-to-int-cast -fno-strict-aliasing'
CYGPATH_W='echo'
DEFS='-DHAVE_CONFIG_H'
DEPDIR='.deps'
DLLTOOL='false'
DRIVER_MAN_DIR='$(mandir)/man$(DRIVER_MAN_SUFFIX)'
DRIVER_MAN_SUFFIX='4'
DSYMUTIL=''
DUMPBIN=''
ECHO_C=''
ECHO_N='-n'
ECHO_T=''
EGREP='/usr/bin/grep -E'
ENCODINGSDIR='${FONTROOTDIR}/encodings'
ETAGS='etags'
EXEEXT=''
FGREP='/usr/bin/grep -F'
FILECMD='file'
FILE_MAN_DIR='$(mandir)/man$(FILE_MAN_SUFFIX)'
FILE_MAN_SUFFIX='5'
FONTENC_CFLAGS='-I/home/moebius/eclipse2/tools/tinyx/sysroot-x86_64/usr/include '
FONTENC_LIBS=''
FONTROOTDIR='${datarootdir}/fonts/X11'
GREP='/usr/bin/grep'
INSTALL_CMD='(cp -f /home/moebius/eclipse2/tools/tinyx/sysroot-x86_64/usr/share/util-macros/INSTALL $(top_srcdir)/.INSTALL.tmp && mv $(top_srcdir)/.INSTALL.tmp $(top_srcdir)/INSTALL) || (rm -f $(top_srcdir)/.INSTALL.tmp; test -e $(top_srcdir)/INSTALL || ( touch $(top_srcdir)/INSTALL; echo '\''failed to copy INSTALL from util-macros: installing empty INSTALL.'\'' >&2))'
INSTALL_DATA='${INSTALL} -m 644'
INSTALL_PROGRAM='${INSTALL}'
INSTALL_SCRIPT='${INSTALL}'
INSTALL_STRIP_PROGRAM='$(install_sh) -c -s'
LD='/home/moebius/eclipse2/target/x86_64/x86_64-linux-musl-cross/x86_64-linux-musl/bin/ld -m elf_x86_64'
LDFLAGS='-L/home/moebius/eclipse2/tools/tinyx/sysroot-x86_64/usr/lib -L/home/moebius/eclipse2/tools/tinyx/sysroot-x86_64/lib'
LIBOBJS=''
LIBS='-lz '
LIBTOOL='$(SHELL) $(top_builddir)/libtool'
LIB_MAN_DIR='$(mandir)/man$(LIB_MAN_SUFFIX)'
LIB_MAN_SUFFIX='3'
LINT=''
LINT_FALSE=''
LINT_FLAGS='-badflag -I/home/moebius/eclipse2/tools/tinyx/sysroot-x86_64/usr/include '
LINT_TRUE='#'
LIPO=''
LN_S='ln -s'
LTLIBOBJS=''
LT_SYS_LIBRARY_PATH=''
MAKEINFO='${SHELL} '\''/home/moebius/eclipse2/tools/tinyx/deps-build-x86_64/libfontenc-1.1.6/missing'\'' makeinfo'
MANIFEST_TOOL=':'
MAN_SUBSTS='	-e '\''s|__vendorversion__|"$(PACKAGE_STRING)" "$(XORG_MAN_PAGE)"|'\'' 	-e '\''s|__xorgversion__|"$(PACKAGE_STRING)" "$(XORG_MAN_PAGE)"|'\'' 	-e '\''s|__xservername__|Xorg|g'\'' 	-e '\''s|__xconfigfile__|xorg.conf|g'\'' 	-e '\''s|__projectroot__|$(prefix)|g'\'' 	-e '\''s|__apploaddir__|$(appdefaultdir)|g'\'' 	-e '\''s|__appmansuffix__|$(APP_MAN_SUFFIX)|g'\'' 	-e '\''s|__drivermansuffix__|$(DRIVER_MAN_SUFFIX)|g'\'' 	-e '\''s|__adminmansuffix__|$(ADMIN_MAN_SUFFIX)|g'\'' 	-e '\''s|__libmansuffix__|$(LIB_MAN_SUFFIX)|g'\'' 	-e '\''s|__miscmansuffix__|$(MISC_MAN_SUFFIX)|g'\'' 	-e '\''s|__filemansuffix__|$(FILE_MAN_SUFFIX)|g'\'''
MISC_MAN_DIR='$(mandir)/man$(MISC_MAN_SUFFIX)'
MISC_MAN_SUFFIX='7'
MKDIR_P='/usr/bin/mkdir -p'
NM='/usr/bin/nm -B'
NMEDIT=''
OBJDUMP='objdump'
OBJEXT='o'
OTOOL64=''
OTOOL=''
PACKAGE='libfontenc'
PACKAGE_BUGREPORT='https://gitlab.freedesktop.org/xorg/lib/libfontenc/-/issues'
PACKAGE_NAME='libfontenc'
PACKAGE_STRING='libfontenc 1.1.6'
PACKAGE_TARNAME='libfontenc'
PACKAGE_URL=''
PACKAGE_VERSION='1.1.6'
PATH_SEPARATOR=':'
PKG_CONFIG='/home/moebius/eclipse2/tools/tinyx/pkg-config-static.sh'
PKG_CONFIG_LIBDIR='tools/tinyx/sysroot-x86_64/usr/lib/pkgconfig'
PKG_CONFIG_PATH='/home/moebius/eclipse2/tools/tinyx/sysroot-x86_64/usr/lib/pkgconfig'
RANLIB='/home/moebius/eclipse2/target/x86_64/x86_64-linux-musl-cross/bin/x86_64-linux-musl-ranlib'
SED='/usr/bin/sed'
SET_MAKE=''
SHELL='/bin/bash'
STRICT_CFLAGS=' -pedantic -Werror -Werror=attributes'
STRIP='strip'
VERSION='1.1.6'
XORG_MAN_PAGE='X Version 11'
ac_ct_AR=''
ac_ct_CC=''
ac_ct_DUMPBIN=''
am__EXEEXT_FALSE=''
am__EXEEXT_TRUE='#'
am__fastdepCC_FALSE='#'
am__fastdepCC_TRUE=''
am__include='include'
am__isrc=''
am__leading_dot='.'
am__nodep='_no'
am__quote=''
am__tar='$${TAR-tar} chof - "$$tardir"'
am__untar='$${TAR-tar} xf -'
bindir='${exec_prefix}/bin'
build='x86_64-pc-linux-musl'
build_alias=''
build_cpu='x86_64'
build_os='linux-musl'
build_vendor='pc'
datadir='${datarootdir}'
datarootdir='${prefix}/share'
docdir='${datarootdir}/doc/${PACKAGE_TARNAME}'
dvidir='${docdir}'
exec_prefix='${prefix}'
host='x86_64-pc-linux-musl'
host_alias='x86_64-linux-musl'
host_cpu='x86_64'
host_os='linux-musl'
host_vendor='pc'
htmldir='${docdir}'
includedir='${prefix}/include'
infodir='${datarootdir}/info'
install_sh='${SHELL} /home/moebius/eclipse2/tools/tinyx/deps-build-x86_64/libfontenc-1.1.6/install-sh'
libdir='${exec_prefix}/lib'
libexecdir='${exec_prefix}/libexec'
localedir='${datarootdir}/locale'
localstatedir='${prefix}/var'
mandir='${datarootdir}/man'
mkdir_p='$(MKDIR_P)'
oldincludedir='/usr/include'
pdfdir='${docdir}'
prefix='/usr'
program_transform_name='s,x,x,'
psdir='${docdir}'
runstatedir='${localstatedir}/run'
sbindir='${exec_prefix}/sbin'
sharedstatedir='${prefix}/com'
sysconfdir='${prefix}/etc'
target_alias=''

## ----------- ##
## confdefs.h. ##
## ----------- ##

/* confdefs.h */
#define PACKAGE_NAME "libfontenc"
#define PACKAGE_TARNAME "libfontenc"
#define PACKAGE_VERSION "1.1.6"
#define PACKAGE_STRING "libfontenc 1.1.6"
#define PACKAGE_BUGREPORT "https://gitlab.freedesktop.org/xorg/lib/libfontenc/-/issues"
#define PACKAGE_URL ""
#define HAVE_STDIO_H 1
#define HAVE_STDLIB_H 1
#define HAVE_STRING_H 1
#define HAVE_INTTYPES_H 1
#define HAVE_STDINT_H 1
#define HAVE_STRINGS_H 1
#define HAVE_SYS_STAT_H 1
#define HAVE_SYS_TYPES_H 1
#define HAVE_UNISTD_H 1
#define HAVE_WCHAR_H 1
#define STDC_HEADERS 1
#define _ALL_SOURCE 1
#define _DARWIN_C_SOURCE 1
#define _GNU_SOURCE 1
#define _HPUX_ALT_XOPEN_SOCKET_API 1
#define _NETBSD_SOURCE 1
#define _OPENBSD_SOURCE 1
#define _POSIX_PTHREAD_SEMANTICS 1
#define __STDC_WANT_IEC_60559_ATTRIBS_EXT__ 1
#define __STDC_WANT_IEC_60559_BFP_EXT__ 1
#define __STDC_WANT_IEC_60559_DFP_EXT__ 1
#define __STDC_WANT_IEC_60559_FUNCS_EXT__ 1
#define __STDC_WANT_IEC_60559_TYPES_EXT__ 1
#define __STDC_WANT_LIB_EXT2__ 1
#define __STDC_WANT_MATH_SPEC_FUNCS__ 1
#define _TANDEM_SOURCE 1
#define __EXTENSIONS__ 1
#define PACKAGE "libfontenc"
#define VERSION "1.1.6"
#define HAVE_DLFCN_H 1
#define LT_OBJDIR ".libs/"
#define PACKAGE_VERSION_MAJOR 1
#define PACKAGE_VERSION_MINOR 1
#define PACKAGE_VERSION_PATCHLEVEL 6
#define HAVE_LIBZ 1
#define HAVE_REALLOCARRAY 1

configure: exit 0
