--------------------
./configure --prefix=/usr --static
sáb 20 jun 2026 07:36:49 CEST
Using /home/moebius/eclipse2/target/x86_64/x86_64-linux-musl-cross/bin/x86_64-linux-musl-ar
=== ztest111862.c ===
extern int getchar();
int hello() {return getchar();}
===
/home/moebius/eclipse2/target/x86_64/x86_64-linux-musl-cross/bin/x86_64-linux-musl-gcc -c ztest111862.c
... using gcc

Checking for obsessive-compulsive compiler options...
=== ztest111862.c ===
int foo() { return 0; }
===
/home/moebius/eclipse2/target/x86_64/x86_64-linux-musl-cross/bin/x86_64-linux-musl-gcc -c -O2 -fPIC ztest111862.c

Building static library libz.a version 1.2.13 with /home/moebius/eclipse2/target/x86_64/x86_64-linux-musl-cross/bin/x86_64-linux-musl-gcc.

=== ztest111862.c ===
#include <stdio.h>
#include <stdlib.h>
size_t dummy = 0;
===
/home/moebius/eclipse2/target/x86_64/x86_64-linux-musl-cross/bin/x86_64-linux-musl-gcc -c -O2 -fPIC ztest111862.c
Checking for size_t... Yes.

=== ztest111862.c ===
#include <sys/types.h>
off64_t dummy = 0;
===
/home/moebius/eclipse2/target/x86_64/x86_64-linux-musl-cross/bin/x86_64-linux-musl-gcc -c -O2 -fPIC -D_LARGEFILE64_SOURCE=1 ztest111862.c
Checking for off64_t... Yes.
Checking for fseeko... Yes.

=== ztest111862.c ===
#include <string.h>
#include <errno.h>
int main() { return strlen(strerror(errno)); }
===
/home/moebius/eclipse2/target/x86_64/x86_64-linux-musl-cross/bin/x86_64-linux-musl-gcc -O2 -fPIC -D_LARGEFILE64_SOURCE=1 -o ztest111862 ztest111862.c
Checking for strerror... Yes.

=== ztest111862.c ===
#include <unistd.h>
int main() { return 0; }
===
/home/moebius/eclipse2/target/x86_64/x86_64-linux-musl-cross/bin/x86_64-linux-musl-gcc -c -O2 -fPIC -D_LARGEFILE64_SOURCE=1 ztest111862.c
Checking for unistd.h... Yes.

=== ztest111862.c ===
#include <stdarg.h>
int main() { return 0; }
===
/home/moebius/eclipse2/target/x86_64/x86_64-linux-musl-cross/bin/x86_64-linux-musl-gcc -c -O2 -fPIC -D_LARGEFILE64_SOURCE=1 ztest111862.c
Checking for stdarg.h... Yes.

=== ztest111862.c ===
#include <stdio.h>
#include <stdarg.h>
#include "zconf.h"
int main()
{
#ifndef STDC
  choke me
#endif
  return 0;
}
===
/home/moebius/eclipse2/target/x86_64/x86_64-linux-musl-cross/bin/x86_64-linux-musl-gcc -c -O2 -fPIC -D_LARGEFILE64_SOURCE=1 ztest111862.c
Checking whether to use vs[n]printf() or s[n]printf()... using vs[n]printf().

=== ztest111862.c ===
#include <stdio.h>
#include <stdarg.h>
int mytest(const char *fmt, ...)
{
  char buf[20];
  va_list ap;
  va_start(ap, fmt);
  vsnprintf(buf, sizeof(buf), fmt, ap);
  va_end(ap);
  return 0;
}
int main()
{
  return (mytest("Hello%d\n", 1));
}
===
/home/moebius/eclipse2/target/x86_64/x86_64-linux-musl-cross/bin/x86_64-linux-musl-gcc -O2 -fPIC -D_LARGEFILE64_SOURCE=1 -o ztest111862 ztest111862.c
Checking for vsnprintf() in stdio.h... Yes.

=== ztest111862.c ===
#include <stdio.h>
#include <stdarg.h>
int mytest(const char *fmt, ...)
{
  int n;
  char buf[20];
  va_list ap;
  va_start(ap, fmt);
  n = vsnprintf(buf, sizeof(buf), fmt, ap);
  va_end(ap);
  return n;
}
int main()
{
  return (mytest("Hello%d\n", 1));
}
===
/home/moebius/eclipse2/target/x86_64/x86_64-linux-musl-cross/bin/x86_64-linux-musl-gcc -c -O2 -fPIC -D_LARGEFILE64_SOURCE=1 ztest111862.c
Checking for return value of vsnprintf()... Yes.

=== ztest111862.c ===
#define ZLIB_INTERNAL __attribute__((visibility ("hidden")))
int ZLIB_INTERNAL foo;
int main()
{
  return 0;
}
===
/home/moebius/eclipse2/target/x86_64/x86_64-linux-musl-cross/bin/x86_64-linux-musl-gcc -c -O2 -fPIC -D_LARGEFILE64_SOURCE=1 ztest111862.c
Checking for attribute(visibility) support... Yes.

ALL = static all64
AR = /home/moebius/eclipse2/target/x86_64/x86_64-linux-musl-cross/bin/x86_64-linux-musl-ar
ARFLAGS = rc
CC = /home/moebius/eclipse2/target/x86_64/x86_64-linux-musl-cross/bin/x86_64-linux-musl-gcc
CFLAGS = -O2 -fPIC -D_LARGEFILE64_SOURCE=1 -DHAVE_HIDDEN
CPP =
EXE =
LDCONFIG = ldconfig
LDFLAGS =
LDSHARED = /home/moebius/eclipse2/target/x86_64/x86_64-linux-musl-cross/bin/x86_64-linux-musl-gcc
LDSHAREDLIBC = -lc
OBJC = $(OBJZ) $(OBJG)
PIC_OBJC = $(PIC_OBJZ) $(PIC_OBJG)
RANLIB = /home/moebius/eclipse2/target/x86_64/x86_64-linux-musl-cross/bin/x86_64-linux-musl-ranlib
SFLAGS = -O2 -fPIC -fPIC -D_LARGEFILE64_SOURCE=1 -DHAVE_HIDDEN
SHAREDLIB =
SHAREDLIBM =
SHAREDLIBV =
STATICLIB = libz.a
TEST = all teststatic test64
VER = 1.2.13
SRCDIR =
exec_prefix = ${prefix}
includedir = ${prefix}/include
libdir = ${exec_prefix}/lib
mandir = ${prefix}/share/man
prefix = /usr
sharedlibdir = ${libdir}
uname = x86_64-linux-musl
--------------------


